2020-05-29 14:30:43.606 INFO   c.g.expense.ExpenseApplication - Starting ExpenseApplication on XTZ-01905221424 with PID 5592 (E:\expense\target\classes started by Administrator in E:\expense) 
2020-05-29 14:30:44.487 INFO   c.g.expense.ExpenseApplication - No active profile set, falling back to default profiles: default 
2020-05-29 14:30:45.143 INFO   o.s.b.w.e.tomcat.TomcatWebServer - Tomcat initialized with port(s): 8088 (http) 
2020-05-29 14:30:45.151 INFO   o.a.coyote.http11.Http11NioProtocol - Initializing ProtocolHandler ["http-nio-8088"] 
2020-05-29 14:30:45.154 INFO   o.a.catalina.core.StandardService - Starting service [Tomcat] 
2020-05-29 14:30:45.154 INFO   o.a.catalina.core.StandardEngine - Starting Servlet Engine: Apache Tomcat/9.0.12 
2020-05-29 14:30:45.159 INFO   o.a.c.core.AprLifecycleListener - The APR based Apache Tomcat Native library which allows optimal performance in production environments was not found on the java.library.path: [D:\Java\jdk1.8.0_111\bin;C:\WINDOWS\Sun\Java\bin;C:\WINDOWS\system32;C:\WINDOWS;D:/Java/jre.1.8.0_111/bin/server;D:/Java/jre.1.8.0_111/bin;D:/Java/jre.1.8.0_111/lib/amd64;C:\ProgramData\Oracle\Java\javapath;C:\WINDOWS\system32;C:\WINDOWS;C:\WINDOWS\System32\Wbem;C:\WINDOWS\System32\WindowsPowerShell\v1.0\;D:\apache-maven-3.5.0\bin;C:\WINDOWS\System32\OpenSSH\;D:\mysql-8.0.15-winx64\bin;D:\Java\jdk1.8.0_111\bin;C:\Users\Administrator\AppData\Local\Microsoft\WindowsApps;;D:\eclipse2019;;.] 
2020-05-29 14:30:45.228 INFO   o.a.c.c.C.[Tomcat].[localhost].[/] - Initializing Spring embedded WebApplicationContext 
2020-05-29 14:30:45.228 INFO   o.s.web.context.ContextLoader - Root WebApplicationContext: initialization completed in 716 ms 
2020-05-29 14:30:45.243 INFO   o.s.b.w.s.ServletRegistrationBean - Servlet dispatcherServlet mapped to [/] 
2020-05-29 14:30:45.246 INFO   o.s.b.w.s.FilterRegistrationBean - Mapping filter: 'characterEncodingFilter' to: [/*] 
2020-05-29 14:30:45.246 INFO   o.s.b.w.s.FilterRegistrationBean - Mapping filter: 'hiddenHttpMethodFilter' to: [/*] 
2020-05-29 14:30:45.246 INFO   o.s.b.w.s.FilterRegistrationBean - Mapping filter: 'formContentFilter' to: [/*] 
2020-05-29 14:30:45.246 INFO   o.s.b.w.s.FilterRegistrationBean - Mapping filter: 'requestContextFilter' to: [/*] 
2020-05-29 14:30:45.360 INFO   o.s.s.c.ThreadPoolTaskExecutor - Initializing ExecutorService 'applicationTaskExecutor' 
2020-05-29 14:30:45.441 INFO   o.s.b.a.w.s.WelcomePageHandlerMapping - Adding welcome page template: index 
2020-05-29 14:30:45.480 INFO   o.a.coyote.http11.Http11NioProtocol - Starting ProtocolHandler ["http-nio-8088"] 
2020-05-29 14:30:45.487 INFO   o.a.tomcat.util.net.NioSelectorPool - Using a shared selector for servlet write/read 
2020-05-29 14:30:45.497 INFO   o.s.b.w.e.tomcat.TomcatWebServer - Tomcat started on port(s): 8088 (http) with context path '' 
2020-05-29 14:30:45.500 INFO   c.g.expense.ExpenseApplication - Started ExpenseApplication in 2.076 seconds (JVM running for 2.823) 
2020-05-29 14:32:41.634 INFO   o.a.c.c.C.[Tomcat].[localhost].[/] - Initializing Spring DispatcherServlet 'dispatcherServlet' 
2020-05-29 14:32:41.634 INFO   o.s.web.servlet.DispatcherServlet - Initializing Servlet 'dispatcherServlet' 
2020-05-29 14:32:41.638 INFO   o.s.web.servlet.DispatcherServlet - Completed initialization in 4 ms 
2020-05-29 15:36:36.222 ERROR  o.a.c.c.C.[.[.[.[dispatcherServlet] - Servlet.service() for servlet [dispatcherServlet] in context with path [] threw exception [Request processing failed; nested exception is java.lang.ArrayIndexOutOfBoundsException: 1] with root cause 
java.lang.ArrayIndexOutOfBoundsException: 1
	at com.gusangyuan.expense.util.FileUtil.createFileAppendDate(FileUtil.java:47)
	at com.gusangyuan.expense.web.RecordController.addRecord_version2(RecordController.java:49)
	at sun.reflect.NativeMethodAccessorImpl.invoke0(Native Method)
	at sun.reflect.NativeMethodAccessorImpl.invoke(NativeMethodAccessorImpl.java:62)
	at sun.reflect.DelegatingMethodAccessorImpl.invoke(DelegatingMethodAccessorImpl.java:43)
	at java.lang.reflect.Method.invoke(Method.java:498)
	at org.springframework.web.method.support.InvocableHandlerMethod.doInvoke(InvocableHandlerMethod.java:215)
	at org.springframework.web.method.support.InvocableHandlerMethod.invokeForRequest(InvocableHandlerMethod.java:142)
	at org.springframework.web.servlet.mvc.method.annotation.ServletInvocableHandlerMethod.invokeAndHandle(ServletInvocableHandlerMethod.java:102)
	at org.springframework.web.servlet.mvc.method.annotation.RequestMappingHandlerAdapter.invokeHandlerMethod(RequestMappingHandlerAdapter.java:895)
	at org.springframework.web.servlet.mvc.method.annotation.RequestMappingHandlerAdapter.handleInternal(RequestMappingHandlerAdapter.java:800)
	at org.springframework.web.servlet.mvc.method.AbstractHandlerMethodAdapter.handle(AbstractHandlerMethodAdapter.java:87)
	at org.springframework.web.servlet.DispatcherServlet.doDispatch(DispatcherServlet.java:1038)
	at org.springframework.web.servlet.DispatcherServlet.doService(DispatcherServlet.java:942)
	at org.springframework.web.servlet.FrameworkServlet.processRequest(FrameworkServlet.java:998)
	at org.springframework.web.servlet.FrameworkServlet.doPost(FrameworkServlet.java:901)
	at javax.servlet.http.HttpServlet.service(HttpServlet.java:660)
	at org.springframework.web.servlet.FrameworkServlet.service(FrameworkServlet.java:875)
	at javax.servlet.http.HttpServlet.service(HttpServlet.java:741)
	at org.apache.catalina.core.ApplicationFilterChain.internalDoFilter(ApplicationFilterChain.java:231)
	at org.apache.catalina.core.ApplicationFilterChain.doFilter(ApplicationFilterChain.java:166)
	at org.apache.tomcat.websocket.server.WsFilter.doFilter(WsFilter.java:53)
	at org.apache.catalina.core.ApplicationFilterChain.internalDoFilter(ApplicationFilterChain.java:193)
	at org.apache.catalina.core.ApplicationFilterChain.doFilter(ApplicationFilterChain.java:166)
	at org.springframework.web.filter.RequestContextFilter.doFilterInternal(RequestContextFilter.java:99)
	at org.springframework.web.filter.OncePerRequestFilter.doFilter(OncePerRequestFilter.java:107)
	at org.apache.catalina.core.ApplicationFilterChain.internalDoFilter(ApplicationFilterChain.java:193)
	at org.apache.catalina.core.ApplicationFilterChain.doFilter(ApplicationFilterChain.java:166)
	at org.springframework.web.filter.FormContentFilter.doFilterInternal(FormContentFilter.java:92)
	at org.springframework.web.filter.OncePerRequestFilter.doFilter(OncePerRequestFilter.java:107)
	at org.apache.catalina.core.ApplicationFilterChain.internalDoFilter(ApplicationFilterChain.java:193)
	at org.apache.catalina.core.ApplicationFilterChain.doFilter(ApplicationFilterChain.java:166)
	at org.springframework.web.filter.HiddenHttpMethodFilter.doFilterInternal(HiddenHttpMethodFilter.java:93)
	at org.springframework.web.filter.OncePerRequestFilter.doFilter(OncePerRequestFilter.java:107)
	at org.apache.catalina.core.ApplicationFilterChain.internalDoFilter(ApplicationFilterChain.java:193)
	at org.apache.catalina.core.ApplicationFilterChain.doFilter(ApplicationFilterChain.java:166)
	at org.springframework.web.filter.CharacterEncodingFilter.doFilterInternal(CharacterEncodingFilter.java:200)
	at org.springframework.web.filter.OncePerRequestFilter.doFilter(OncePerRequestFilter.java:107)
	at org.apache.catalina.core.ApplicationFilterChain.internalDoFilter(ApplicationFilterChain.java:193)
	at org.apache.catalina.core.ApplicationFilterChain.doFilter(ApplicationFilterChain.java:166)
	at org.apache.catalina.core.StandardWrapperValve.invoke(StandardWrapperValve.java:199)
	at org.apache.catalina.core.StandardContextValve.invoke(StandardContextValve.java:96)
	at org.apache.catalina.authenticator.AuthenticatorBase.invoke(AuthenticatorBase.java:490)
	at org.apache.catalina.core.StandardHostValve.invoke(StandardHostValve.java:139)
	at org.apache.catalina.valves.ErrorReportValve.invoke(ErrorReportValve.java:92)
	at org.apache.catalina.core.StandardEngineValve.invoke(StandardEngineValve.java:74)
	at org.apache.catalina.connector.CoyoteAdapter.service(CoyoteAdapter.java:343)
	at org.apache.coyote.http11.Http11Processor.service(Http11Processor.java:408)
	at org.apache.coyote.AbstractProcessorLight.process(AbstractProcessorLight.java:66)
	at org.apache.coyote.AbstractProtocol$ConnectionHandler.process(AbstractProtocol.java:770)
	at org.apache.tomcat.util.net.NioEndpoint$SocketProcessor.doRun(NioEndpoint.java:1415)
	at org.apache.tomcat.util.net.SocketProcessorBase.run(SocketProcessorBase.java:49)
	at java.util.concurrent.ThreadPoolExecutor.runWorker(ThreadPoolExecutor.java:1142)
	at java.util.concurrent.ThreadPoolExecutor$Worker.run(ThreadPoolExecutor.java:617)
	at org.apache.tomcat.util.threads.TaskThread$WrappingRunnable.run(TaskThread.java:61)
	at java.lang.Thread.run(Thread.java:745)
2020-05-29 16:06:45.031 INFO   o.s.b.a.SpringApplicationAdminMXBeanRegistrar$SpringApplicationAdmin - Application shutdown requested. 
2020-05-29 16:06:45.033 INFO   o.s.s.c.ThreadPoolTaskExecutor - Shutting down ExecutorService 'applicationTaskExecutor' 
2020-05-29 16:08:27.189 INFO   c.g.expense.ExpenseApplication - Starting ExpenseApplication on XTZ-01905221424 with PID 16544 (E:\expense\target\classes started by Administrator in E:\expense) 
2020-05-29 16:08:27.191 INFO   c.g.expense.ExpenseApplication - No active profile set, falling back to default profiles: default 
2020-05-29 16:08:27.841 INFO   o.s.b.w.e.tomcat.TomcatWebServer - Tomcat initialized with port(s): 8088 (http) 
2020-05-29 16:08:27.849 INFO   o.a.coyote.http11.Http11NioProtocol - Initializing ProtocolHandler ["http-nio-8088"] 
2020-05-29 16:08:27.853 INFO   o.a.catalina.core.StandardService - Starting service [Tomcat] 
2020-05-29 16:08:27.853 INFO   o.a.catalina.core.StandardEngine - Starting Servlet Engine: Apache Tomcat/9.0.12 
2020-05-29 16:08:27.858 INFO   o.a.c.core.AprLifecycleListener - The APR based Apache Tomcat Native library which allows optimal performance in production environments was not found on the java.library.path: [D:\Java\jdk1.8.0_111\bin;C:\WINDOWS\Sun\Java\bin;C:\WINDOWS\system32;C:\WINDOWS;D:/Java/jre.1.8.0_111/bin/server;D:/Java/jre.1.8.0_111/bin;D:/Java/jre.1.8.0_111/lib/amd64;C:\ProgramData\Oracle\Java\javapath;C:\WINDOWS\system32;C:\WINDOWS;C:\WINDOWS\System32\Wbem;C:\WINDOWS\System32\WindowsPowerShell\v1.0\;D:\apache-maven-3.5.0\bin;C:\WINDOWS\System32\OpenSSH\;D:\mysql-8.0.15-winx64\bin;D:\Java\jdk1.8.0_111\bin;C:\Users\Administrator\AppData\Local\Microsoft\WindowsApps;;D:\eclipse2019;;.] 
2020-05-29 16:08:27.923 INFO   o.a.c.c.C.[Tomcat].[localhost].[/] - Initializing Spring embedded WebApplicationContext 
2020-05-29 16:08:27.924 INFO   o.s.web.context.ContextLoader - Root WebApplicationContext: initialization completed in 709 ms 
2020-05-29 16:08:27.938 INFO   o.s.b.w.s.ServletRegistrationBean - Servlet dispatcherServlet mapped to [/] 
2020-05-29 16:08:27.941 INFO   o.s.b.w.s.FilterRegistrationBean - Mapping filter: 'characterEncodingFilter' to: [/*] 
2020-05-29 16:08:27.941 INFO   o.s.b.w.s.FilterRegistrationBean - Mapping filter: 'hiddenHttpMethodFilter' to: [/*] 
2020-05-29 16:08:27.941 INFO   o.s.b.w.s.FilterRegistrationBean - Mapping filter: 'formContentFilter' to: [/*] 
2020-05-29 16:08:27.941 INFO   o.s.b.w.s.FilterRegistrationBean - Mapping filter: 'requestContextFilter' to: [/*] 
2020-05-29 16:08:28.054 INFO   o.s.s.c.ThreadPoolTaskExecutor - Initializing ExecutorService 'applicationTaskExecutor' 
2020-05-29 16:08:28.131 INFO   o.s.b.a.w.s.WelcomePageHandlerMapping - Adding welcome page template: index 
2020-05-29 16:08:28.179 INFO   o.a.coyote.http11.Http11NioProtocol - Starting ProtocolHandler ["http-nio-8088"] 
2020-05-29 16:08:28.185 INFO   o.a.tomcat.util.net.NioSelectorPool - Using a shared selector for servlet write/read 
2020-05-29 16:08:28.195 INFO   o.s.b.w.e.tomcat.TomcatWebServer - Tomcat started on port(s): 8088 (http) with context path '' 
2020-05-29 16:08:28.198 INFO   c.g.expense.ExpenseApplication - Started ExpenseApplication in 1.195 seconds (JVM running for 1.855) 
2020-05-29 16:08:37.187 INFO   o.a.c.c.C.[Tomcat].[localhost].[/] - Initializing Spring DispatcherServlet 'dispatcherServlet' 
2020-05-29 16:08:37.187 INFO   o.s.web.servlet.DispatcherServlet - Initializing Servlet 'dispatcherServlet' 
2020-05-29 16:08:37.193 INFO   o.s.web.servlet.DispatcherServlet - Completed initialization in 6 ms 
2020-05-29 16:11:54.075 INFO   o.s.b.a.SpringApplicationAdminMXBeanRegistrar$SpringApplicationAdmin - Application shutdown requested. 
2020-05-29 16:11:54.077 INFO   o.s.s.c.ThreadPoolTaskExecutor - Shutting down ExecutorService 'applicationTaskExecutor' 
2020-05-29 16:34:39.095 INFO   c.g.expense.ExpenseApplication - Starting ExpenseApplication on XTZ-01905221424 with PID 9288 (E:\expense\target\classes started by Administrator in E:\expense) 
2020-05-29 16:34:39.099 INFO   c.g.expense.ExpenseApplication - No active profile set, falling back to default profiles: default 
2020-05-29 16:34:39.940 INFO   o.s.b.w.e.tomcat.TomcatWebServer - Tomcat initialized with port(s): 8088 (http) 
2020-05-29 16:34:39.952 INFO   o.a.coyote.http11.Http11NioProtocol - Initializing ProtocolHandler ["http-nio-8088"] 
2020-05-29 16:34:39.956 INFO   o.a.catalina.core.StandardService - Starting service [Tomcat] 
2020-05-29 16:34:39.956 INFO   o.a.catalina.core.StandardEngine - Starting Servlet Engine: Apache Tomcat/9.0.12 
2020-05-29 16:34:39.972 INFO   o.a.c.core.AprLifecycleListener - The APR based Apache Tomcat Native library which allows optimal performance in production environments was not found on the java.library.path: [D:\Java\jdk1.8.0_111\bin;C:\WINDOWS\Sun\Java\bin;C:\WINDOWS\system32;C:\WINDOWS;D:\Java\jdk1.8.0_111\jre\bin;D:/Java/jre.1.8.0_111/bin/server;D:/Java/jre.1.8.0_111/bin;D:/Java/jre.1.8.0_111/lib/amd64;C:\ProgramData\Oracle\Java\javapath;C:\WINDOWS\system32;C:\WINDOWS;C:\WINDOWS\System32\Wbem;C:\WINDOWS\System32\WindowsPowerShell\v1.0\;D:\apache-maven-3.5.0\bin;C:\WINDOWS\System32\OpenSSH\;D:\mysql-8.0.15-winx64\bin;D:\Java\jdk1.8.0_111\bin;C:\Users\Administrator\AppData\Local\Microsoft\WindowsApps;;D:\eclipse2019;;.] 
2020-05-29 16:34:40.049 INFO   o.a.c.c.C.[Tomcat].[localhost].[/] - Initializing Spring embedded WebApplicationContext 
2020-05-29 16:34:40.050 INFO   o.s.web.context.ContextLoader - Root WebApplicationContext: initialization completed in 912 ms 
2020-05-29 16:34:40.069 INFO   o.s.b.w.s.ServletRegistrationBean - Servlet dispatcherServlet mapped to [/] 
2020-05-29 16:34:40.073 INFO   o.s.b.w.s.FilterRegistrationBean - Mapping filter: 'characterEncodingFilter' to: [/*] 
2020-05-29 16:34:40.074 INFO   o.s.b.w.s.FilterRegistrationBean - Mapping filter: 'hiddenHttpMethodFilter' to: [/*] 
2020-05-29 16:34:40.074 INFO   o.s.b.w.s.FilterRegistrationBean - Mapping filter: 'formContentFilter' to: [/*] 
2020-05-29 16:34:40.074 INFO   o.s.b.w.s.FilterRegistrationBean - Mapping filter: 'requestContextFilter' to: [/*] 
2020-05-29 16:34:40.228 INFO   o.s.s.c.ThreadPoolTaskExecutor - Initializing ExecutorService 'applicationTaskExecutor' 
2020-05-29 16:34:40.335 INFO   o.s.b.a.w.s.WelcomePageHandlerMapping - Adding welcome page template: index 
2020-05-29 16:34:40.386 INFO   o.a.coyote.http11.Http11NioProtocol - Starting ProtocolHandler ["http-nio-8088"] 
2020-05-29 16:34:40.394 INFO   o.a.tomcat.util.net.NioSelectorPool - Using a shared selector for servlet write/read 
2020-05-29 16:34:40.410 INFO   o.s.b.w.e.tomcat.TomcatWebServer - Tomcat started on port(s): 8088 (http) with context path '' 
2020-05-29 16:34:40.414 INFO   c.g.expense.ExpenseApplication - Started ExpenseApplication in 1.567 seconds (JVM running for 2.938) 
2020-05-29 16:34:47.646 INFO   o.a.c.c.C.[Tomcat].[localhost].[/] - Initializing Spring DispatcherServlet 'dispatcherServlet' 
2020-05-29 16:34:47.646 INFO   o.s.web.servlet.DispatcherServlet - Initializing Servlet 'dispatcherServlet' 
2020-05-29 16:34:47.651 INFO   o.s.web.servlet.DispatcherServlet - Completed initialization in 5 ms 
2020-05-29 16:40:20.324 INFO   o.s.b.a.SpringApplicationAdminMXBeanRegistrar$SpringApplicationAdmin - Application shutdown requested. 
2020-05-29 16:40:20.327 INFO   o.s.s.c.ThreadPoolTaskExecutor - Shutting down ExecutorService 'applicationTaskExecutor' 
2020-05-29 16:40:43.323 INFO   c.g.expense.ExpenseApplication - Starting ExpenseApplication on XTZ-01905221424 with PID 10980 (E:\expense\target\classes started by Administrator in E:\expense) 
2020-05-29 16:40:43.325 INFO   c.g.expense.ExpenseApplication - No active profile set, falling back to default profiles: default 
2020-05-29 16:40:43.961 INFO   o.s.b.w.e.tomcat.TomcatWebServer - Tomcat initialized with port(s): 8088 (http) 
2020-05-29 16:40:43.969 INFO   o.a.coyote.http11.Http11NioProtocol - Initializing ProtocolHandler ["http-nio-8088"] 
2020-05-29 16:40:43.972 INFO   o.a.catalina.core.StandardService - Starting service [Tomcat] 
2020-05-29 16:40:43.973 INFO   o.a.catalina.core.StandardEngine - Starting Servlet Engine: Apache Tomcat/9.0.12 
2020-05-29 16:40:43.977 INFO   o.a.c.core.AprLifecycleListener - The APR based Apache Tomcat Native library which allows optimal performance in production environments was not found on the java.library.path: [D:\Java\jdk1.8.0_111\bin;C:\WINDOWS\Sun\Java\bin;C:\WINDOWS\system32;C:\WINDOWS;D:/Java/jre.1.8.0_111/bin/server;D:/Java/jre.1.8.0_111/bin;D:/Java/jre.1.8.0_111/lib/amd64;C:\ProgramData\Oracle\Java\javapath;C:\WINDOWS\system32;C:\WINDOWS;C:\WINDOWS\System32\Wbem;C:\WINDOWS\System32\WindowsPowerShell\v1.0\;D:\apache-maven-3.5.0\bin;C:\WINDOWS\System32\OpenSSH\;D:\mysql-8.0.15-winx64\bin;D:\Java\jdk1.8.0_111\bin;C:\Users\Administrator\AppData\Local\Microsoft\WindowsApps;;D:\eclipse2019;;.] 
2020-05-29 16:40:44.039 INFO   o.a.c.c.C.[Tomcat].[localhost].[/] - Initializing Spring embedded WebApplicationContext 
2020-05-29 16:40:44.040 INFO   o.s.web.context.ContextLoader - Root WebApplicationContext: initialization completed in 691 ms 
2020-05-29 16:40:44.056 INFO   o.s.b.w.s.ServletRegistrationBean - Servlet dispatcherServlet mapped to [/] 
2020-05-29 16:40:44.058 INFO   o.s.b.w.s.FilterRegistrationBean - Mapping filter: 'characterEncodingFilter' to: [/*] 
2020-05-29 16:40:44.059 INFO   o.s.b.w.s.FilterRegistrationBean - Mapping filter: 'hiddenHttpMethodFilter' to: [/*] 
2020-05-29 16:40:44.059 INFO   o.s.b.w.s.FilterRegistrationBean - Mapping filter: 'formContentFilter' to: [/*] 
2020-05-29 16:40:44.059 INFO   o.s.b.w.s.FilterRegistrationBean - Mapping filter: 'requestContextFilter' to: [/*] 
2020-05-29 16:40:44.171 INFO   o.s.s.c.ThreadPoolTaskExecutor - Initializing ExecutorService 'applicationTaskExecutor' 
2020-05-29 16:40:44.252 INFO   o.s.b.a.w.s.WelcomePageHandlerMapping - Adding welcome page template: index 
2020-05-29 16:40:44.301 INFO   o.a.coyote.http11.Http11NioProtocol - Starting ProtocolHandler ["http-nio-8088"] 
2020-05-29 16:40:44.308 INFO   o.a.tomcat.util.net.NioSelectorPool - Using a shared selector for servlet write/read 
2020-05-29 16:40:44.318 INFO   o.s.b.w.e.tomcat.TomcatWebServer - Tomcat started on port(s): 8088 (http) with context path '' 
2020-05-29 16:40:44.320 INFO   c.g.expense.ExpenseApplication - Started ExpenseApplication in 1.185 seconds (JVM running for 1.823) 
2020-05-29 16:41:17.361 INFO   o.a.c.c.C.[Tomcat].[localhost].[/] - Initializing Spring DispatcherServlet 'dispatcherServlet' 
2020-05-29 16:41:17.361 INFO   o.s.web.servlet.DispatcherServlet - Initializing Servlet 'dispatcherServlet' 
2020-05-29 16:41:17.365 INFO   o.s.web.servlet.DispatcherServlet - Completed initialization in 4 ms 
2020-05-29 16:50:16.481 INFO   o.s.b.a.SpringApplicationAdminMXBeanRegistrar$SpringApplicationAdmin - Application shutdown requested. 
2020-05-29 16:50:16.483 INFO   o.s.s.c.ThreadPoolTaskExecutor - Shutting down ExecutorService 'applicationTaskExecutor' 
2020-05-29 16:50:36.270 INFO   c.g.expense.ExpenseApplication - Starting ExpenseApplication on XTZ-01905221424 with PID 16492 (E:\expense\target\classes started by Administrator in E:\expense) 
2020-05-29 16:50:36.272 INFO   c.g.expense.ExpenseApplication - No active profile set, falling back to default profiles: default 
2020-05-29 16:50:36.909 INFO   o.s.b.w.e.tomcat.TomcatWebServer - Tomcat initialized with port(s): 8088 (http) 
2020-05-29 16:50:36.917 INFO   o.a.coyote.http11.Http11NioProtocol - Initializing ProtocolHandler ["http-nio-8088"] 
2020-05-29 16:50:36.921 INFO   o.a.catalina.core.StandardService - Starting service [Tomcat] 
2020-05-29 16:50:36.921 INFO   o.a.catalina.core.StandardEngine - Starting Servlet Engine: Apache Tomcat/9.0.12 
2020-05-29 16:50:36.926 INFO   o.a.c.core.AprLifecycleListener - The APR based Apache Tomcat Native library which allows optimal performance in production environments was not found on the java.library.path: [D:\Java\jdk1.8.0_111\bin;C:\WINDOWS\Sun\Java\bin;C:\WINDOWS\system32;C:\WINDOWS;D:/Java/jre.1.8.0_111/bin/server;D:/Java/jre.1.8.0_111/bin;D:/Java/jre.1.8.0_111/lib/amd64;C:\ProgramData\Oracle\Java\javapath;C:\WINDOWS\system32;C:\WINDOWS;C:\WINDOWS\System32\Wbem;C:\WINDOWS\System32\WindowsPowerShell\v1.0\;D:\apache-maven-3.5.0\bin;C:\WINDOWS\System32\OpenSSH\;D:\mysql-8.0.15-winx64\bin;D:\Java\jdk1.8.0_111\bin;C:\Users\Administrator\AppData\Local\Microsoft\WindowsApps;;D:\eclipse2019;;.] 
2020-05-29 16:50:36.993 INFO   o.a.c.c.C.[Tomcat].[localhost].[/] - Initializing Spring embedded WebApplicationContext 
2020-05-29 16:50:36.993 INFO   o.s.web.context.ContextLoader - Root WebApplicationContext: initialization completed in 697 ms 
2020-05-29 16:50:37.009 INFO   o.s.b.w.s.ServletRegistrationBean - Servlet dispatcherServlet mapped to [/] 
2020-05-29 16:50:37.011 INFO   o.s.b.w.s.FilterRegistrationBean - Mapping filter: 'characterEncodingFilter' to: [/*] 
2020-05-29 16:50:37.012 INFO   o.s.b.w.s.FilterRegistrationBean - Mapping filter: 'hiddenHttpMethodFilter' to: [/*] 
2020-05-29 16:50:37.012 INFO   o.s.b.w.s.FilterRegistrationBean - Mapping filter: 'formContentFilter' to: [/*] 
2020-05-29 16:50:37.012 INFO   o.s.b.w.s.FilterRegistrationBean - Mapping filter: 'requestContextFilter' to: [/*] 
2020-05-29 16:50:37.131 INFO   o.s.s.c.ThreadPoolTaskExecutor - Initializing ExecutorService 'applicationTaskExecutor' 
2020-05-29 16:50:37.213 INFO   o.s.b.a.w.s.WelcomePageHandlerMapping - Adding welcome page template: index 
2020-05-29 16:50:37.262 INFO   o.a.coyote.http11.Http11NioProtocol - Starting ProtocolHandler ["http-nio-8088"] 
2020-05-29 16:50:37.270 INFO   o.a.tomcat.util.net.NioSelectorPool - Using a shared selector for servlet write/read 
2020-05-29 16:50:37.282 INFO   o.s.b.w.e.tomcat.TomcatWebServer - Tomcat started on port(s): 8088 (http) with context path '' 
2020-05-29 16:50:37.284 INFO   c.g.expense.ExpenseApplication - Started ExpenseApplication in 1.204 seconds (JVM running for 1.853) 
2020-05-29 16:50:49.402 INFO   o.a.c.c.C.[Tomcat].[localhost].[/] - Initializing Spring DispatcherServlet 'dispatcherServlet' 
2020-05-29 16:50:49.402 INFO   o.s.web.servlet.DispatcherServlet - Initializing Servlet 'dispatcherServlet' 
2020-05-29 16:50:49.407 INFO   o.s.web.servlet.DispatcherServlet - Completed initialization in 5 ms 
2020-05-29 16:58:20.086 INFO   o.s.b.a.SpringApplicationAdminMXBeanRegistrar$SpringApplicationAdmin - Application shutdown requested. 
2020-05-29 16:58:20.088 INFO   o.s.s.c.ThreadPoolTaskExecutor - Shutting down ExecutorService 'applicationTaskExecutor' 
2020-05-29 16:58:28.093 INFO   c.g.expense.ExpenseApplication - Starting ExpenseApplication on XTZ-01905221424 with PID 3148 (E:\expense\target\classes started by Administrator in E:\expense) 
2020-05-29 16:58:28.095 INFO   c.g.expense.ExpenseApplication - No active profile set, falling back to default profiles: default 
2020-05-29 16:58:28.756 INFO   o.s.b.w.e.tomcat.TomcatWebServer - Tomcat initialized with port(s): 8088 (http) 
2020-05-29 16:58:28.765 INFO   o.a.coyote.http11.Http11NioProtocol - Initializing ProtocolHandler ["http-nio-8088"] 
2020-05-29 16:58:28.768 INFO   o.a.catalina.core.StandardService - Starting service [Tomcat] 
2020-05-29 16:58:28.768 INFO   o.a.catalina.core.StandardEngine - Starting Servlet Engine: Apache Tomcat/9.0.12 
2020-05-29 16:58:28.773 INFO   o.a.c.core.AprLifecycleListener - The APR based Apache Tomcat Native library which allows optimal performance in production environments was not found on the java.library.path: [D:\Java\jdk1.8.0_111\bin;C:\WINDOWS\Sun\Java\bin;C:\WINDOWS\system32;C:\WINDOWS;D:/Java/jre.1.8.0_111/bin/server;D:/Java/jre.1.8.0_111/bin;D:/Java/jre.1.8.0_111/lib/amd64;C:\ProgramData\Oracle\Java\javapath;C:\WINDOWS\system32;C:\WINDOWS;C:\WINDOWS\System32\Wbem;C:\WINDOWS\System32\WindowsPowerShell\v1.0\;D:\apache-maven-3.5.0\bin;C:\WINDOWS\System32\OpenSSH\;D:\mysql-8.0.15-winx64\bin;D:\Java\jdk1.8.0_111\bin;C:\Users\Administrator\AppData\Local\Microsoft\WindowsApps;;D:\eclipse2019;;.] 
2020-05-29 16:58:28.834 INFO   o.a.c.c.C.[Tomcat].[localhost].[/] - Initializing Spring embedded WebApplicationContext 
2020-05-29 16:58:28.834 INFO   o.s.web.context.ContextLoader - Root WebApplicationContext: initialization completed in 715 ms 
2020-05-29 16:58:28.849 INFO   o.s.b.w.s.ServletRegistrationBean - Servlet dispatcherServlet mapped to [/] 
2020-05-29 16:58:28.852 INFO   o.s.b.w.s.FilterRegistrationBean - Mapping filter: 'characterEncodingFilter' to: [/*] 
2020-05-29 16:58:28.852 INFO   o.s.b.w.s.FilterRegistrationBean - Mapping filter: 'hiddenHttpMethodFilter' to: [/*] 
2020-05-29 16:58:28.852 INFO   o.s.b.w.s.FilterRegistrationBean - Mapping filter: 'formContentFilter' to: [/*] 
2020-05-29 16:58:28.852 INFO   o.s.b.w.s.FilterRegistrationBean - Mapping filter: 'requestContextFilter' to: [/*] 
2020-05-29 16:58:28.970 INFO   o.s.s.c.ThreadPoolTaskExecutor - Initializing ExecutorService 'applicationTaskExecutor' 
2020-05-29 16:58:29.052 INFO   o.s.b.a.w.s.WelcomePageHandlerMapping - Adding welcome page template: index 
2020-05-29 16:58:29.102 INFO   o.a.coyote.http11.Http11NioProtocol - Starting ProtocolHandler ["http-nio-8088"] 
2020-05-29 16:58:29.110 INFO   o.a.tomcat.util.net.NioSelectorPool - Using a shared selector for servlet write/read 
2020-05-29 16:58:29.120 INFO   o.s.b.w.e.tomcat.TomcatWebServer - Tomcat started on port(s): 8088 (http) with context path '' 
2020-05-29 16:58:29.122 INFO   c.g.expense.ExpenseApplication - Started ExpenseApplication in 1.216 seconds (JVM running for 1.877) 
2020-05-29 16:58:41.348 INFO   o.a.c.c.C.[Tomcat].[localhost].[/] - Initializing Spring DispatcherServlet 'dispatcherServlet' 
2020-05-29 16:58:41.349 INFO   o.s.web.servlet.DispatcherServlet - Initializing Servlet 'dispatcherServlet' 
2020-05-29 16:58:41.353 INFO   o.s.web.servlet.DispatcherServlet - Completed initialization in 4 ms 
2020-05-29 17:08:56.821 INFO   o.s.b.a.SpringApplicationAdminMXBeanRegistrar$SpringApplicationAdmin - Application shutdown requested. 
2020-05-29 17:08:56.823 INFO   o.s.s.c.ThreadPoolTaskExecutor - Shutting down ExecutorService 'applicationTaskExecutor' 
2020-05-29 17:09:08.476 INFO   c.g.expense.ExpenseApplication - Starting ExpenseApplication on XTZ-01905221424 with PID 16536 (E:\expense\target\classes started by Administrator in E:\expense) 
2020-05-29 17:09:08.478 INFO   c.g.expense.ExpenseApplication - No active profile set, falling back to default profiles: default 
2020-05-29 17:09:09.119 INFO   o.s.b.w.e.tomcat.TomcatWebServer - Tomcat initialized with port(s): 8088 (http) 
2020-05-29 17:09:09.127 INFO   o.a.coyote.http11.Http11NioProtocol - Initializing ProtocolHandler ["http-nio-8088"] 
2020-05-29 17:09:09.131 INFO   o.a.catalina.core.StandardService - Starting service [Tomcat] 
2020-05-29 17:09:09.131 INFO   o.a.catalina.core.StandardEngine - Starting Servlet Engine: Apache Tomcat/9.0.12 
2020-05-29 17:09:09.136 INFO   o.a.c.core.AprLifecycleListener - The APR based Apache Tomcat Native library which allows optimal performance in production environments was not found on the java.library.path: [D:\Java\jdk1.8.0_111\bin;C:\WINDOWS\Sun\Java\bin;C:\WINDOWS\system32;C:\WINDOWS;D:/Java/jre.1.8.0_111/bin/server;D:/Java/jre.1.8.0_111/bin;D:/Java/jre.1.8.0_111/lib/amd64;C:\ProgramData\Oracle\Java\javapath;C:\WINDOWS\system32;C:\WINDOWS;C:\WINDOWS\System32\Wbem;C:\WINDOWS\System32\WindowsPowerShell\v1.0\;D:\apache-maven-3.5.0\bin;C:\WINDOWS\System32\OpenSSH\;D:\mysql-8.0.15-winx64\bin;D:\Java\jdk1.8.0_111\bin;C:\Users\Administrator\AppData\Local\Microsoft\WindowsApps;;D:\eclipse2019;;.] 
2020-05-29 17:09:09.199 INFO   o.a.c.c.C.[Tomcat].[localhost].[/] - Initializing Spring embedded WebApplicationContext 
2020-05-29 17:09:09.199 INFO   o.s.web.context.ContextLoader - Root WebApplicationContext: initialization completed in 697 ms 
2020-05-29 17:09:09.216 INFO   o.s.b.w.s.ServletRegistrationBean - Servlet dispatcherServlet mapped to [/] 
2020-05-29 17:09:09.219 INFO   o.s.b.w.s.FilterRegistrationBean - Mapping filter: 'characterEncodingFilter' to: [/*] 
2020-05-29 17:09:09.219 INFO   o.s.b.w.s.FilterRegistrationBean - Mapping filter: 'hiddenHttpMethodFilter' to: [/*] 
2020-05-29 17:09:09.219 INFO   o.s.b.w.s.FilterRegistrationBean - Mapping filter: 'formContentFilter' to: [/*] 
2020-05-29 17:09:09.219 INFO   o.s.b.w.s.FilterRegistrationBean - Mapping filter: 'requestContextFilter' to: [/*] 
2020-05-29 17:09:09.334 INFO   o.s.s.c.ThreadPoolTaskExecutor - Initializing ExecutorService 'applicationTaskExecutor' 
2020-05-29 17:09:09.416 INFO   o.s.b.a.w.s.WelcomePageHandlerMapping - Adding welcome page template: index 
2020-05-29 17:09:09.467 INFO   o.a.coyote.http11.Http11NioProtocol - Starting ProtocolHandler ["http-nio-8088"] 
2020-05-29 17:09:09.474 INFO   o.a.tomcat.util.net.NioSelectorPool - Using a shared selector for servlet write/read 
2020-05-29 17:09:09.483 INFO   o.s.b.w.e.tomcat.TomcatWebServer - Tomcat started on port(s): 8088 (http) with context path '' 
2020-05-29 17:09:09.486 INFO   c.g.expense.ExpenseApplication - Started ExpenseApplication in 1.198 seconds (JVM running for 1.84) 
2020-05-29 17:09:18.839 INFO   o.a.c.c.C.[Tomcat].[localhost].[/] - Initializing Spring DispatcherServlet 'dispatcherServlet' 
2020-05-29 17:09:18.839 INFO   o.s.web.servlet.DispatcherServlet - Initializing Servlet 'dispatcherServlet' 
2020-05-29 17:09:18.844 INFO   o.s.web.servlet.DispatcherServlet - Completed initialization in 4 ms 
2020-05-29 17:28:36.739 INFO   o.s.b.a.SpringApplicationAdminMXBeanRegistrar$SpringApplicationAdmin - Application shutdown requested. 
2020-05-29 17:28:36.741 INFO   o.s.s.c.ThreadPoolTaskExecutor - Shutting down ExecutorService 'applicationTaskExecutor' 
