2020-05-26 09:09:13.122 INFO   o.s.b.t.c.SpringBootTestContextBootstrapper - Neither @ContextConfiguration nor @ContextHierarchy found for test class [com.gusangyuan.expense.ExpenseApplicationTests], using SpringBootContextLoader 
2020-05-26 09:09:13.130 INFO   o.s.t.c.s.AbstractContextLoader - Could not detect default resource locations for test class [com.gusangyuan.expense.ExpenseApplicationTests]: no resource found for suffixes {-context.xml, Context.groovy}. 
2020-05-26 09:09:13.131 INFO   o.s.t.c.s.AnnotationConfigContextLoaderUtils - Could not detect default configuration classes for test class [com.gusangyuan.expense.ExpenseApplicationTests]: ExpenseApplicationTests does not declare any static, non-private, non-final, nested classes annotated with @Configuration. 
2020-05-26 09:09:13.222 INFO   o.s.b.t.c.SpringBootTestContextBootstrapper - Found @SpringBootConfiguration com.gusangyuan.expense.ExpenseApplication for test class com.gusangyuan.expense.ExpenseApplicationTests 
2020-05-26 09:09:13.303 INFO   o.s.b.t.c.SpringBootTestContextBootstrapper - Loaded default TestExecutionListener class names from location [META-INF/spring.factories]: [org.springframework.boot.test.mock.mockito.MockitoTestExecutionListener, org.springframework.boot.test.mock.mockito.ResetMocksTestExecutionListener, org.springframework.boot.test.autoconfigure.restdocs.RestDocsTestExecutionListener, org.springframework.boot.test.autoconfigure.web.client.MockRestServiceServerResetTestExecutionListener, org.springframework.boot.test.autoconfigure.web.servlet.MockMvcPrintOnlyOnFailureTestExecutionListener, org.springframework.boot.test.autoconfigure.web.servlet.WebDriverTestExecutionListener, org.springframework.test.context.web.ServletTestExecutionListener, org.springframework.test.context.support.DirtiesContextBeforeModesTestExecutionListener, org.springframework.test.context.support.DependencyInjectionTestExecutionListener, org.springframework.test.context.support.DirtiesContextTestExecutionListener, org.springframework.test.context.transaction.TransactionalTestExecutionListener, org.springframework.test.context.jdbc.SqlScriptsTestExecutionListener] 
2020-05-26 09:09:13.315 INFO   o.s.b.t.c.SpringBootTestContextBootstrapper - Using TestExecutionListeners: [org.springframework.test.context.web.ServletTestExecutionListener@7d8704ef, org.springframework.test.context.support.DirtiesContextBeforeModesTestExecutionListener@13b6aecc, org.springframework.boot.test.mock.mockito.MockitoTestExecutionListener@158a8276, org.springframework.boot.test.autoconfigure.SpringBootDependencyInjectionTestExecutionListener@3c3d9b6b, org.springframework.test.context.support.DirtiesContextTestExecutionListener@79d8407f, org.springframework.boot.test.mock.mockito.ResetMocksTestExecutionListener@5fbe4146, org.springframework.boot.test.autoconfigure.restdocs.RestDocsTestExecutionListener@1e66f1f5, org.springframework.boot.test.autoconfigure.web.client.MockRestServiceServerResetTestExecutionListener@4e50c791, org.springframework.boot.test.autoconfigure.web.servlet.MockMvcPrintOnlyOnFailureTestExecutionListener@7530ad9c, org.springframework.boot.test.autoconfigure.web.servlet.WebDriverTestExecutionListener@58a9760d] 
2020-05-26 09:09:13.538 INFO   c.g.expense.ExpenseApplicationTests - Starting ExpenseApplicationTests on XTZ-01905221424 with PID 8544 (started by Administrator in E:\expense) 
2020-05-26 09:09:13.539 INFO   c.g.expense.ExpenseApplicationTests - No active profile set, falling back to default profiles: default 
2020-05-26 09:09:14.681 INFO   o.s.s.c.ThreadPoolTaskExecutor - Initializing ExecutorService 'applicationTaskExecutor' 
2020-05-26 09:09:14.894 INFO   o.s.b.a.w.s.WelcomePageHandlerMapping - Adding welcome page template: index 
2020-05-26 09:09:15.006 INFO   c.g.expense.ExpenseApplicationTests - Started ExpenseApplicationTests in 1.651 seconds (JVM running for 2.456) 
2020-05-26 09:09:15.436 INFO   c.g.expense.ExpenseApplicationTests - 西游记
红楼梦
水浒传
三国演义
 
2020-05-26 09:09:15.445 INFO   o.s.s.c.ThreadPoolTaskExecutor - Shutting down ExecutorService 'applicationTaskExecutor' 
2020-05-26 09:11:14.020 INFO   o.s.b.t.c.SpringBootTestContextBootstrapper - Neither @ContextConfiguration nor @ContextHierarchy found for test class [com.gusangyuan.expense.ExpenseApplicationTests], using SpringBootContextLoader 
2020-05-26 09:11:14.025 INFO   o.s.t.c.s.AbstractContextLoader - Could not detect default resource locations for test class [com.gusangyuan.expense.ExpenseApplicationTests]: no resource found for suffixes {-context.xml, Context.groovy}. 
2020-05-26 09:11:14.026 INFO   o.s.t.c.s.AnnotationConfigContextLoaderUtils - Could not detect default configuration classes for test class [com.gusangyuan.expense.ExpenseApplicationTests]: ExpenseApplicationTests does not declare any static, non-private, non-final, nested classes annotated with @Configuration. 
2020-05-26 09:11:14.116 INFO   o.s.b.t.c.SpringBootTestContextBootstrapper - Found @SpringBootConfiguration com.gusangyuan.expense.ExpenseApplication for test class com.gusangyuan.expense.ExpenseApplicationTests 
2020-05-26 09:11:14.193 INFO   o.s.b.t.c.SpringBootTestContextBootstrapper - Loaded default TestExecutionListener class names from location [META-INF/spring.factories]: [org.springframework.boot.test.mock.mockito.MockitoTestExecutionListener, org.springframework.boot.test.mock.mockito.ResetMocksTestExecutionListener, org.springframework.boot.test.autoconfigure.restdocs.RestDocsTestExecutionListener, org.springframework.boot.test.autoconfigure.web.client.MockRestServiceServerResetTestExecutionListener, org.springframework.boot.test.autoconfigure.web.servlet.MockMvcPrintOnlyOnFailureTestExecutionListener, org.springframework.boot.test.autoconfigure.web.servlet.WebDriverTestExecutionListener, org.springframework.test.context.web.ServletTestExecutionListener, org.springframework.test.context.support.DirtiesContextBeforeModesTestExecutionListener, org.springframework.test.context.support.DependencyInjectionTestExecutionListener, org.springframework.test.context.support.DirtiesContextTestExecutionListener, org.springframework.test.context.transaction.TransactionalTestExecutionListener, org.springframework.test.context.jdbc.SqlScriptsTestExecutionListener] 
2020-05-26 09:11:14.202 INFO   o.s.b.t.c.SpringBootTestContextBootstrapper - Using TestExecutionListeners: [org.springframework.test.context.web.ServletTestExecutionListener@bccb269, org.springframework.test.context.support.DirtiesContextBeforeModesTestExecutionListener@609cd4d8, org.springframework.boot.test.mock.mockito.MockitoTestExecutionListener@17f7cd29, org.springframework.boot.test.autoconfigure.SpringBootDependencyInjectionTestExecutionListener@7d8704ef, org.springframework.test.context.support.DirtiesContextTestExecutionListener@13b6aecc, org.springframework.boot.test.mock.mockito.ResetMocksTestExecutionListener@158a8276, org.springframework.boot.test.autoconfigure.restdocs.RestDocsTestExecutionListener@3c3d9b6b, org.springframework.boot.test.autoconfigure.web.client.MockRestServiceServerResetTestExecutionListener@79d8407f, org.springframework.boot.test.autoconfigure.web.servlet.MockMvcPrintOnlyOnFailureTestExecutionListener@5fbe4146, org.springframework.boot.test.autoconfigure.web.servlet.WebDriverTestExecutionListener@1e66f1f5] 
2020-05-26 09:11:14.421 INFO   c.g.expense.ExpenseApplicationTests - Starting ExpenseApplicationTests on XTZ-01905221424 with PID 5176 (started by Administrator in E:\expense) 
2020-05-26 09:11:14.421 INFO   c.g.expense.ExpenseApplicationTests - No active profile set, falling back to default profiles: default 
2020-05-26 09:11:15.539 INFO   o.s.s.c.ThreadPoolTaskExecutor - Initializing ExecutorService 'applicationTaskExecutor' 
2020-05-26 09:11:15.741 INFO   o.s.b.a.w.s.WelcomePageHandlerMapping - Adding welcome page template: index 
2020-05-26 09:11:15.864 INFO   c.g.expense.ExpenseApplicationTests - Started ExpenseApplicationTests in 1.62 seconds (JVM running for 2.434) 
2020-05-26 09:11:16.087 INFO   o.s.s.c.ThreadPoolTaskExecutor - Shutting down ExecutorService 'applicationTaskExecutor' 
2020-05-26 09:16:48.032 INFO   o.s.b.t.c.SpringBootTestContextBootstrapper - Neither @ContextConfiguration nor @ContextHierarchy found for test class [com.gusangyuan.expense.ExpenseApplicationTests], using SpringBootContextLoader 
2020-05-26 09:16:48.037 INFO   o.s.t.c.s.AbstractContextLoader - Could not detect default resource locations for test class [com.gusangyuan.expense.ExpenseApplicationTests]: no resource found for suffixes {-context.xml, Context.groovy}. 
2020-05-26 09:16:48.038 INFO   o.s.t.c.s.AnnotationConfigContextLoaderUtils - Could not detect default configuration classes for test class [com.gusangyuan.expense.ExpenseApplicationTests]: ExpenseApplicationTests does not declare any static, non-private, non-final, nested classes annotated with @Configuration. 
2020-05-26 09:16:48.125 INFO   o.s.b.t.c.SpringBootTestContextBootstrapper - Found @SpringBootConfiguration com.gusangyuan.expense.ExpenseApplication for test class com.gusangyuan.expense.ExpenseApplicationTests 
2020-05-26 09:16:48.209 INFO   o.s.b.t.c.SpringBootTestContextBootstrapper - Loaded default TestExecutionListener class names from location [META-INF/spring.factories]: [org.springframework.boot.test.mock.mockito.MockitoTestExecutionListener, org.springframework.boot.test.mock.mockito.ResetMocksTestExecutionListener, org.springframework.boot.test.autoconfigure.restdocs.RestDocsTestExecutionListener, org.springframework.boot.test.autoconfigure.web.client.MockRestServiceServerResetTestExecutionListener, org.springframework.boot.test.autoconfigure.web.servlet.MockMvcPrintOnlyOnFailureTestExecutionListener, org.springframework.boot.test.autoconfigure.web.servlet.WebDriverTestExecutionListener, org.springframework.test.context.web.ServletTestExecutionListener, org.springframework.test.context.support.DirtiesContextBeforeModesTestExecutionListener, org.springframework.test.context.support.DependencyInjectionTestExecutionListener, org.springframework.test.context.support.DirtiesContextTestExecutionListener, org.springframework.test.context.transaction.TransactionalTestExecutionListener, org.springframework.test.context.jdbc.SqlScriptsTestExecutionListener] 
2020-05-26 09:16:48.218 INFO   o.s.b.t.c.SpringBootTestContextBootstrapper - Using TestExecutionListeners: [org.springframework.test.context.web.ServletTestExecutionListener@bccb269, org.springframework.test.context.support.DirtiesContextBeforeModesTestExecutionListener@609cd4d8, org.springframework.boot.test.mock.mockito.MockitoTestExecutionListener@17f7cd29, org.springframework.boot.test.autoconfigure.SpringBootDependencyInjectionTestExecutionListener@7d8704ef, org.springframework.test.context.support.DirtiesContextTestExecutionListener@13b6aecc, org.springframework.boot.test.mock.mockito.ResetMocksTestExecutionListener@158a8276, org.springframework.boot.test.autoconfigure.restdocs.RestDocsTestExecutionListener@3c3d9b6b, org.springframework.boot.test.autoconfigure.web.client.MockRestServiceServerResetTestExecutionListener@79d8407f, org.springframework.boot.test.autoconfigure.web.servlet.MockMvcPrintOnlyOnFailureTestExecutionListener@5fbe4146, org.springframework.boot.test.autoconfigure.web.servlet.WebDriverTestExecutionListener@1e66f1f5] 
2020-05-26 09:16:48.441 INFO   c.g.expense.ExpenseApplicationTests - Starting ExpenseApplicationTests on XTZ-01905221424 with PID 17188 (started by Administrator in E:\expense) 
2020-05-26 09:16:48.442 INFO   c.g.expense.ExpenseApplicationTests - No active profile set, falling back to default profiles: default 
2020-05-26 09:16:49.561 INFO   o.s.s.c.ThreadPoolTaskExecutor - Initializing ExecutorService 'applicationTaskExecutor' 
2020-05-26 09:16:49.759 INFO   o.s.b.a.w.s.WelcomePageHandlerMapping - Adding welcome page template: index 
2020-05-26 09:16:49.877 INFO   c.g.expense.ExpenseApplicationTests - Started ExpenseApplicationTests in 1.616 seconds (JVM running for 2.408) 
2020-05-26 09:16:50.133 INFO   o.s.s.c.ThreadPoolTaskExecutor - Shutting down ExecutorService 'applicationTaskExecutor' 
2020-05-26 09:23:13.169 INFO   o.s.b.t.c.SpringBootTestContextBootstrapper - Neither @ContextConfiguration nor @ContextHierarchy found for test class [com.gusangyuan.expense.ExpenseApplicationTests], using SpringBootContextLoader 
2020-05-26 09:23:13.175 INFO   o.s.t.c.s.AbstractContextLoader - Could not detect default resource locations for test class [com.gusangyuan.expense.ExpenseApplicationTests]: no resource found for suffixes {-context.xml, Context.groovy}. 
2020-05-26 09:23:13.175 INFO   o.s.t.c.s.AnnotationConfigContextLoaderUtils - Could not detect default configuration classes for test class [com.gusangyuan.expense.ExpenseApplicationTests]: ExpenseApplicationTests does not declare any static, non-private, non-final, nested classes annotated with @Configuration. 
2020-05-26 09:23:13.265 INFO   o.s.b.t.c.SpringBootTestContextBootstrapper - Found @SpringBootConfiguration com.gusangyuan.expense.ExpenseApplication for test class com.gusangyuan.expense.ExpenseApplicationTests 
2020-05-26 09:23:13.359 INFO   o.s.b.t.c.SpringBootTestContextBootstrapper - Loaded default TestExecutionListener class names from location [META-INF/spring.factories]: [org.springframework.boot.test.mock.mockito.MockitoTestExecutionListener, org.springframework.boot.test.mock.mockito.ResetMocksTestExecutionListener, org.springframework.boot.test.autoconfigure.restdocs.RestDocsTestExecutionListener, org.springframework.boot.test.autoconfigure.web.client.MockRestServiceServerResetTestExecutionListener, org.springframework.boot.test.autoconfigure.web.servlet.MockMvcPrintOnlyOnFailureTestExecutionListener, org.springframework.boot.test.autoconfigure.web.servlet.WebDriverTestExecutionListener, org.springframework.test.context.web.ServletTestExecutionListener, org.springframework.test.context.support.DirtiesContextBeforeModesTestExecutionListener, org.springframework.test.context.support.DependencyInjectionTestExecutionListener, org.springframework.test.context.support.DirtiesContextTestExecutionListener, org.springframework.test.context.transaction.TransactionalTestExecutionListener, org.springframework.test.context.jdbc.SqlScriptsTestExecutionListener] 
2020-05-26 09:23:13.368 INFO   o.s.b.t.c.SpringBootTestContextBootstrapper - Using TestExecutionListeners: [org.springframework.test.context.web.ServletTestExecutionListener@bccb269, org.springframework.test.context.support.DirtiesContextBeforeModesTestExecutionListener@609cd4d8, org.springframework.boot.test.mock.mockito.MockitoTestExecutionListener@17f7cd29, org.springframework.boot.test.autoconfigure.SpringBootDependencyInjectionTestExecutionListener@7d8704ef, org.springframework.test.context.support.DirtiesContextTestExecutionListener@13b6aecc, org.springframework.boot.test.mock.mockito.ResetMocksTestExecutionListener@158a8276, org.springframework.boot.test.autoconfigure.restdocs.RestDocsTestExecutionListener@3c3d9b6b, org.springframework.boot.test.autoconfigure.web.client.MockRestServiceServerResetTestExecutionListener@79d8407f, org.springframework.boot.test.autoconfigure.web.servlet.MockMvcPrintOnlyOnFailureTestExecutionListener@5fbe4146, org.springframework.boot.test.autoconfigure.web.servlet.WebDriverTestExecutionListener@1e66f1f5] 
2020-05-26 09:23:13.587 INFO   c.g.expense.ExpenseApplicationTests - Starting ExpenseApplicationTests on XTZ-01905221424 with PID 14936 (started by Administrator in E:\expense) 
2020-05-26 09:23:13.588 INFO   c.g.expense.ExpenseApplicationTests - No active profile set, falling back to default profiles: default 
2020-05-26 09:23:14.701 INFO   o.s.s.c.ThreadPoolTaskExecutor - Initializing ExecutorService 'applicationTaskExecutor' 
2020-05-26 09:23:14.907 INFO   o.s.b.a.w.s.WelcomePageHandlerMapping - Adding welcome page template: index 
2020-05-26 09:23:15.048 INFO   c.g.expense.ExpenseApplicationTests - Started ExpenseApplicationTests in 1.636 seconds (JVM running for 2.426) 
2020-05-26 09:23:15.287 INFO   c.g.expense.ExpenseApplicationTests - 西游记
红楼梦
水浒传
三国演义 
2020-05-26 09:23:15.293 INFO   o.s.s.c.ThreadPoolTaskExecutor - Shutting down ExecutorService 'applicationTaskExecutor' 
2020-05-26 09:23:53.988 INFO   o.s.b.t.c.SpringBootTestContextBootstrapper - Neither @ContextConfiguration nor @ContextHierarchy found for test class [com.gusangyuan.expense.ExpenseApplicationTests], using SpringBootContextLoader 
2020-05-26 09:23:53.997 INFO   o.s.t.c.s.AbstractContextLoader - Could not detect default resource locations for test class [com.gusangyuan.expense.ExpenseApplicationTests]: no resource found for suffixes {-context.xml, Context.groovy}. 
2020-05-26 09:23:53.998 INFO   o.s.t.c.s.AnnotationConfigContextLoaderUtils - Could not detect default configuration classes for test class [com.gusangyuan.expense.ExpenseApplicationTests]: ExpenseApplicationTests does not declare any static, non-private, non-final, nested classes annotated with @Configuration. 
2020-05-26 09:23:54.106 INFO   o.s.b.t.c.SpringBootTestContextBootstrapper - Found @SpringBootConfiguration com.gusangyuan.expense.ExpenseApplication for test class com.gusangyuan.expense.ExpenseApplicationTests 
2020-05-26 09:23:54.207 INFO   o.s.b.t.c.SpringBootTestContextBootstrapper - Loaded default TestExecutionListener class names from location [META-INF/spring.factories]: [org.springframework.boot.test.mock.mockito.MockitoTestExecutionListener, org.springframework.boot.test.mock.mockito.ResetMocksTestExecutionListener, org.springframework.boot.test.autoconfigure.restdocs.RestDocsTestExecutionListener, org.springframework.boot.test.autoconfigure.web.client.MockRestServiceServerResetTestExecutionListener, org.springframework.boot.test.autoconfigure.web.servlet.MockMvcPrintOnlyOnFailureTestExecutionListener, org.springframework.boot.test.autoconfigure.web.servlet.WebDriverTestExecutionListener, org.springframework.test.context.web.ServletTestExecutionListener, org.springframework.test.context.support.DirtiesContextBeforeModesTestExecutionListener, org.springframework.test.context.support.DependencyInjectionTestExecutionListener, org.springframework.test.context.support.DirtiesContextTestExecutionListener, org.springframework.test.context.transaction.TransactionalTestExecutionListener, org.springframework.test.context.jdbc.SqlScriptsTestExecutionListener] 
2020-05-26 09:23:54.218 INFO   o.s.b.t.c.SpringBootTestContextBootstrapper - Using TestExecutionListeners: [org.springframework.test.context.web.ServletTestExecutionListener@141e5bef, org.springframework.test.context.support.DirtiesContextBeforeModesTestExecutionListener@5f9be66c, org.springframework.boot.test.mock.mockito.MockitoTestExecutionListener@3abada5a, org.springframework.boot.test.autoconfigure.SpringBootDependencyInjectionTestExecutionListener@66c61024, org.springframework.test.context.support.DirtiesContextTestExecutionListener@61fe30, org.springframework.boot.test.mock.mockito.ResetMocksTestExecutionListener@c9d0d6, org.springframework.boot.test.autoconfigure.restdocs.RestDocsTestExecutionListener@6ccdb29f, org.springframework.boot.test.autoconfigure.web.client.MockRestServiceServerResetTestExecutionListener@3adcc812, org.springframework.boot.test.autoconfigure.web.servlet.MockMvcPrintOnlyOnFailureTestExecutionListener@35432107, org.springframework.boot.test.autoconfigure.web.servlet.WebDriverTestExecutionListener@7b420819] 
2020-05-26 09:23:54.459 INFO   c.g.expense.ExpenseApplicationTests - Starting ExpenseApplicationTests on XTZ-01905221424 with PID 14472 (started by Administrator in E:\expense) 
2020-05-26 09:23:54.460 INFO   c.g.expense.ExpenseApplicationTests - No active profile set, falling back to default profiles: default 
2020-05-26 09:23:55.928 INFO   o.s.s.c.ThreadPoolTaskExecutor - Initializing ExecutorService 'applicationTaskExecutor' 
2020-05-26 09:23:56.196 INFO   o.s.b.a.w.s.WelcomePageHandlerMapping - Adding welcome page template: index 
2020-05-26 09:23:56.373 INFO   c.g.expense.ExpenseApplicationTests - Started ExpenseApplicationTests in 2.108 seconds (JVM running for 3.378) 
2020-05-26 09:24:58.437 INFO   c.g.expense.ExpenseApplicationTests - 西游记
红楼梦
水浒传
三国演义
 
2020-05-26 09:24:58.456 INFO   o.s.s.c.ThreadPoolTaskExecutor - Shutting down ExecutorService 'applicationTaskExecutor' 
2020-05-26 09:27:47.479 INFO   o.s.b.t.c.SpringBootTestContextBootstrapper - Neither @ContextConfiguration nor @ContextHierarchy found for test class [com.gusangyuan.expense.ExpenseApplicationTests], using SpringBootContextLoader 
2020-05-26 09:27:47.487 INFO   o.s.t.c.s.AbstractContextLoader - Could not detect default resource locations for test class [com.gusangyuan.expense.ExpenseApplicationTests]: no resource found for suffixes {-context.xml, Context.groovy}. 
2020-05-26 09:27:47.488 INFO   o.s.t.c.s.AnnotationConfigContextLoaderUtils - Could not detect default configuration classes for test class [com.gusangyuan.expense.ExpenseApplicationTests]: ExpenseApplicationTests does not declare any static, non-private, non-final, nested classes annotated with @Configuration. 
2020-05-26 09:27:47.592 INFO   o.s.b.t.c.SpringBootTestContextBootstrapper - Found @SpringBootConfiguration com.gusangyuan.expense.ExpenseApplication for test class com.gusangyuan.expense.ExpenseApplicationTests 
2020-05-26 09:27:47.686 INFO   o.s.b.t.c.SpringBootTestContextBootstrapper - Loaded default TestExecutionListener class names from location [META-INF/spring.factories]: [org.springframework.boot.test.mock.mockito.MockitoTestExecutionListener, org.springframework.boot.test.mock.mockito.ResetMocksTestExecutionListener, org.springframework.boot.test.autoconfigure.restdocs.RestDocsTestExecutionListener, org.springframework.boot.test.autoconfigure.web.client.MockRestServiceServerResetTestExecutionListener, org.springframework.boot.test.autoconfigure.web.servlet.MockMvcPrintOnlyOnFailureTestExecutionListener, org.springframework.boot.test.autoconfigure.web.servlet.WebDriverTestExecutionListener, org.springframework.test.context.web.ServletTestExecutionListener, org.springframework.test.context.support.DirtiesContextBeforeModesTestExecutionListener, org.springframework.test.context.support.DependencyInjectionTestExecutionListener, org.springframework.test.context.support.DirtiesContextTestExecutionListener, org.springframework.test.context.transaction.TransactionalTestExecutionListener, org.springframework.test.context.jdbc.SqlScriptsTestExecutionListener] 
2020-05-26 09:27:47.699 INFO   o.s.b.t.c.SpringBootTestContextBootstrapper - Using TestExecutionListeners: [org.springframework.test.context.web.ServletTestExecutionListener@141e5bef, org.springframework.test.context.support.DirtiesContextBeforeModesTestExecutionListener@5f9be66c, org.springframework.boot.test.mock.mockito.MockitoTestExecutionListener@3abada5a, org.springframework.boot.test.autoconfigure.SpringBootDependencyInjectionTestExecutionListener@66c61024, org.springframework.test.context.support.DirtiesContextTestExecutionListener@61fe30, org.springframework.boot.test.mock.mockito.ResetMocksTestExecutionListener@c9d0d6, org.springframework.boot.test.autoconfigure.restdocs.RestDocsTestExecutionListener@6ccdb29f, org.springframework.boot.test.autoconfigure.web.client.MockRestServiceServerResetTestExecutionListener@3adcc812, org.springframework.boot.test.autoconfigure.web.servlet.MockMvcPrintOnlyOnFailureTestExecutionListener@35432107, org.springframework.boot.test.autoconfigure.web.servlet.WebDriverTestExecutionListener@7b420819] 
2020-05-26 09:27:47.949 INFO   c.g.expense.ExpenseApplicationTests - Starting ExpenseApplicationTests on XTZ-01905221424 with PID 15448 (started by Administrator in E:\expense) 
2020-05-26 09:27:47.949 INFO   c.g.expense.ExpenseApplicationTests - No active profile set, falling back to default profiles: default 
2020-05-26 09:27:49.325 INFO   o.s.s.c.ThreadPoolTaskExecutor - Initializing ExecutorService 'applicationTaskExecutor' 
2020-05-26 09:27:49.602 INFO   o.s.b.a.w.s.WelcomePageHandlerMapping - Adding welcome page template: index 
2020-05-26 09:27:49.786 INFO   c.g.expense.ExpenseApplicationTests - Started ExpenseApplicationTests in 2.041 seconds (JVM running for 3.007) 
2020-05-26 09:28:16.845 INFO   c.g.expense.ExpenseApplicationTests - 西游记
红楼梦
水浒传
三国演义 
2020-05-26 09:28:16.857 INFO   o.s.s.c.ThreadPoolTaskExecutor - Shutting down ExecutorService 'applicationTaskExecutor' 
2020-05-26 14:17:33.353 INFO   c.g.expense.ExpenseApplication - Starting ExpenseApplication on XTZ-01905221424 with PID 17244 (E:\expense\target\classes started by Administrator in E:\expense) 
2020-05-26 14:17:33.358 INFO   c.g.expense.ExpenseApplication - No active profile set, falling back to default profiles: default 
2020-05-26 14:17:34.799 INFO   o.s.b.w.e.tomcat.TomcatWebServer - Tomcat initialized with port(s): 8088 (http) 
2020-05-26 14:17:34.836 INFO   o.a.coyote.http11.Http11NioProtocol - Initializing ProtocolHandler ["http-nio-8088"] 
2020-05-26 14:17:34.843 INFO   o.a.catalina.core.StandardService - Starting service [Tomcat] 
2020-05-26 14:17:34.843 INFO   o.a.catalina.core.StandardEngine - Starting Servlet Engine: Apache Tomcat/9.0.12 
2020-05-26 14:17:34.854 INFO   o.a.c.core.AprLifecycleListener - The APR based Apache Tomcat Native library which allows optimal performance in production environments was not found on the java.library.path: [D:\Java\jdk1.8.0_111\bin;C:\WINDOWS\Sun\Java\bin;C:\WINDOWS\system32;C:\WINDOWS;D:\Java\jdk1.8.0_111\jre\bin;D:/Java/jre.1.8.0_111/bin/server;D:/Java/jre.1.8.0_111/bin;D:/Java/jre.1.8.0_111/lib/amd64;C:\ProgramData\Oracle\Java\javapath;C:\WINDOWS\system32;C:\WINDOWS;C:\WINDOWS\System32\Wbem;C:\WINDOWS\System32\WindowsPowerShell\v1.0\;D:\apache-maven-3.5.0\bin;C:\WINDOWS\System32\OpenSSH\;D:\mysql-8.0.15-winx64\bin;D:\Java\jdk1.8.0_111\bin;C:\Users\Administrator\AppData\Local\Microsoft\WindowsApps;;D:\eclipse;;.] 
2020-05-26 14:17:35.100 INFO   o.a.c.c.C.[Tomcat].[localhost].[/] - Initializing Spring embedded WebApplicationContext 
2020-05-26 14:17:35.100 INFO   o.s.web.context.ContextLoader - Root WebApplicationContext: initialization completed in 1681 ms 
2020-05-26 14:17:35.123 INFO   o.s.b.w.s.ServletRegistrationBean - Servlet dispatcherServlet mapped to [/] 
2020-05-26 14:17:35.127 INFO   o.s.b.w.s.FilterRegistrationBean - Mapping filter: 'characterEncodingFilter' to: [/*] 
2020-05-26 14:17:35.127 INFO   o.s.b.w.s.FilterRegistrationBean - Mapping filter: 'hiddenHttpMethodFilter' to: [/*] 
2020-05-26 14:17:35.127 INFO   o.s.b.w.s.FilterRegistrationBean - Mapping filter: 'formContentFilter' to: [/*] 
2020-05-26 14:17:35.127 INFO   o.s.b.w.s.FilterRegistrationBean - Mapping filter: 'requestContextFilter' to: [/*] 
2020-05-26 14:17:35.335 INFO   o.s.s.c.ThreadPoolTaskExecutor - Initializing ExecutorService 'applicationTaskExecutor' 
2020-05-26 14:17:35.522 INFO   o.s.b.a.w.s.WelcomePageHandlerMapping - Adding welcome page template: index 
2020-05-26 14:17:35.593 INFO   o.a.coyote.http11.Http11NioProtocol - Starting ProtocolHandler ["http-nio-8088"] 
2020-05-26 14:17:35.641 INFO   o.a.tomcat.util.net.NioSelectorPool - Using a shared selector for servlet write/read 
2020-05-26 14:17:35.661 INFO   o.s.b.w.e.tomcat.TomcatWebServer - Tomcat started on port(s): 8088 (http) with context path '' 
2020-05-26 14:17:35.666 INFO   c.g.expense.ExpenseApplication - Started ExpenseApplication in 2.631 seconds (JVM running for 3.242) 
2020-05-26 14:17:54.839 INFO   o.a.c.c.C.[Tomcat].[localhost].[/] - Initializing Spring DispatcherServlet 'dispatcherServlet' 
2020-05-26 14:17:54.840 INFO   o.s.web.servlet.DispatcherServlet - Initializing Servlet 'dispatcherServlet' 
2020-05-26 14:17:54.859 INFO   o.s.web.servlet.DispatcherServlet - Completed initialization in 18 ms 
2020-05-26 14:17:54.903 WARN   o.s.w.s.m.s.DefaultHandlerExceptionResolver - Resolved [org.springframework.web.HttpRequestMethodNotSupportedException: Request method 'GET' not supported] 
2020-05-26 14:32:59.116 INFO   c.g.expense.ExpenseApplication - Starting ExpenseApplication on XTZ-01905221424 with PID 5632 (E:\expense\target\classes started by Administrator in E:\expense) 
2020-05-26 14:32:59.119 INFO   c.g.expense.ExpenseApplication - No active profile set, falling back to default profiles: default 
2020-05-26 14:33:00.166 INFO   o.s.b.w.e.tomcat.TomcatWebServer - Tomcat initialized with port(s): 8088 (http) 
2020-05-26 14:33:00.177 INFO   o.a.coyote.http11.Http11NioProtocol - Initializing ProtocolHandler ["http-nio-8088"] 
2020-05-26 14:33:00.182 INFO   o.a.catalina.core.StandardService - Starting service [Tomcat] 
2020-05-26 14:33:00.183 INFO   o.a.catalina.core.StandardEngine - Starting Servlet Engine: Apache Tomcat/9.0.12 
2020-05-26 14:33:00.190 INFO   o.a.c.core.AprLifecycleListener - The APR based Apache Tomcat Native library which allows optimal performance in production environments was not found on the java.library.path: [D:\Java\jdk1.8.0_111\bin;C:\WINDOWS\Sun\Java\bin;C:\WINDOWS\system32;C:\WINDOWS;D:/Java/jre.1.8.0_111/bin/server;D:/Java/jre.1.8.0_111/bin;D:/Java/jre.1.8.0_111/lib/amd64;C:\ProgramData\Oracle\Java\javapath;C:\WINDOWS\system32;C:\WINDOWS;C:\WINDOWS\System32\Wbem;C:\WINDOWS\System32\WindowsPowerShell\v1.0\;D:\apache-maven-3.5.0\bin;C:\WINDOWS\System32\OpenSSH\;D:\mysql-8.0.15-winx64\bin;D:\Java\jdk1.8.0_111\bin;C:\Users\Administrator\AppData\Local\Microsoft\WindowsApps;;D:\eclipse;;.] 
2020-05-26 14:33:00.273 INFO   o.a.c.c.C.[Tomcat].[localhost].[/] - Initializing Spring embedded WebApplicationContext 
2020-05-26 14:33:00.273 INFO   o.s.web.context.ContextLoader - Root WebApplicationContext: initialization completed in 1120 ms 
2020-05-26 14:33:00.291 INFO   o.s.b.w.s.ServletRegistrationBean - Servlet dispatcherServlet mapped to [/] 
2020-05-26 14:33:00.294 INFO   o.s.b.w.s.FilterRegistrationBean - Mapping filter: 'characterEncodingFilter' to: [/*] 
2020-05-26 14:33:00.295 INFO   o.s.b.w.s.FilterRegistrationBean - Mapping filter: 'hiddenHttpMethodFilter' to: [/*] 
2020-05-26 14:33:00.295 INFO   o.s.b.w.s.FilterRegistrationBean - Mapping filter: 'formContentFilter' to: [/*] 
2020-05-26 14:33:00.295 INFO   o.s.b.w.s.FilterRegistrationBean - Mapping filter: 'requestContextFilter' to: [/*] 
2020-05-26 14:33:00.443 INFO   o.s.s.c.ThreadPoolTaskExecutor - Initializing ExecutorService 'applicationTaskExecutor' 
2020-05-26 14:33:00.572 INFO   o.s.b.a.w.s.WelcomePageHandlerMapping - Adding welcome page template: index 
2020-05-26 14:33:00.666 INFO   o.a.coyote.http11.Http11NioProtocol - Starting ProtocolHandler ["http-nio-8088"] 
2020-05-26 14:33:00.677 INFO   o.a.tomcat.util.net.NioSelectorPool - Using a shared selector for servlet write/read 
2020-05-26 14:33:00.689 INFO   o.s.b.w.e.tomcat.TomcatWebServer - Tomcat started on port(s): 8088 (http) with context path '' 
2020-05-26 14:33:00.692 INFO   c.g.expense.ExpenseApplication - Started ExpenseApplication in 1.82 seconds (JVM running for 2.29) 
2020-05-26 14:33:07.071 INFO   o.a.c.c.C.[Tomcat].[localhost].[/] - Initializing Spring DispatcherServlet 'dispatcherServlet' 
2020-05-26 14:33:07.072 INFO   o.s.web.servlet.DispatcherServlet - Initializing Servlet 'dispatcherServlet' 
2020-05-26 14:33:07.076 INFO   o.s.web.servlet.DispatcherServlet - Completed initialization in 4 ms 
2020-05-26 14:35:19.086 INFO   c.g.expense.ExpenseApplication - Starting ExpenseApplication on XTZ-01905221424 with PID 17224 (E:\expense\target\classes started by Administrator in E:\expense) 
2020-05-26 14:35:19.097 INFO   c.g.expense.ExpenseApplication - No active profile set, falling back to default profiles: default 
2020-05-26 14:35:20.133 INFO   o.s.b.w.e.tomcat.TomcatWebServer - Tomcat initialized with port(s): 8088 (http) 
2020-05-26 14:35:20.144 INFO   o.a.coyote.http11.Http11NioProtocol - Initializing ProtocolHandler ["http-nio-8088"] 
2020-05-26 14:35:20.149 INFO   o.a.catalina.core.StandardService - Starting service [Tomcat] 
2020-05-26 14:35:20.150 INFO   o.a.catalina.core.StandardEngine - Starting Servlet Engine: Apache Tomcat/9.0.12 
2020-05-26 14:35:20.158 INFO   o.a.c.core.AprLifecycleListener - The APR based Apache Tomcat Native library which allows optimal performance in production environments was not found on the java.library.path: [D:\Java\jdk1.8.0_111\bin;C:\WINDOWS\Sun\Java\bin;C:\WINDOWS\system32;C:\WINDOWS;D:/Java/jre.1.8.0_111/bin/server;D:/Java/jre.1.8.0_111/bin;D:/Java/jre.1.8.0_111/lib/amd64;C:\ProgramData\Oracle\Java\javapath;C:\WINDOWS\system32;C:\WINDOWS;C:\WINDOWS\System32\Wbem;C:\WINDOWS\System32\WindowsPowerShell\v1.0\;D:\apache-maven-3.5.0\bin;C:\WINDOWS\System32\OpenSSH\;D:\mysql-8.0.15-winx64\bin;D:\Java\jdk1.8.0_111\bin;C:\Users\Administrator\AppData\Local\Microsoft\WindowsApps;;D:\eclipse;;.] 
2020-05-26 14:35:20.248 INFO   o.a.c.c.C.[Tomcat].[localhost].[/] - Initializing Spring embedded WebApplicationContext 
2020-05-26 14:35:20.249 INFO   o.s.web.context.ContextLoader - Root WebApplicationContext: initialization completed in 1117 ms 
2020-05-26 14:35:20.267 INFO   o.s.b.w.s.ServletRegistrationBean - Servlet dispatcherServlet mapped to [/] 
2020-05-26 14:35:20.270 INFO   o.s.b.w.s.FilterRegistrationBean - Mapping filter: 'characterEncodingFilter' to: [/*] 
2020-05-26 14:35:20.271 INFO   o.s.b.w.s.FilterRegistrationBean - Mapping filter: 'hiddenHttpMethodFilter' to: [/*] 
2020-05-26 14:35:20.271 INFO   o.s.b.w.s.FilterRegistrationBean - Mapping filter: 'formContentFilter' to: [/*] 
2020-05-26 14:35:20.271 INFO   o.s.b.w.s.FilterRegistrationBean - Mapping filter: 'requestContextFilter' to: [/*] 
2020-05-26 14:35:20.422 INFO   o.s.s.c.ThreadPoolTaskExecutor - Initializing ExecutorService 'applicationTaskExecutor' 
2020-05-26 14:35:20.561 INFO   o.s.b.a.w.s.WelcomePageHandlerMapping - Adding welcome page template: index 
2020-05-26 14:35:20.659 INFO   o.a.coyote.http11.Http11NioProtocol - Starting ProtocolHandler ["http-nio-8088"] 
2020-05-26 14:35:20.669 INFO   o.a.tomcat.util.net.NioSelectorPool - Using a shared selector for servlet write/read 
2020-05-26 14:35:20.682 INFO   o.s.b.w.e.tomcat.TomcatWebServer - Tomcat started on port(s): 8088 (http) with context path '' 
2020-05-26 14:35:20.684 INFO   c.g.expense.ExpenseApplication - Started ExpenseApplication in 1.847 seconds (JVM running for 2.317) 
2020-05-26 14:35:24.805 INFO   o.a.c.c.C.[Tomcat].[localhost].[/] - Initializing Spring DispatcherServlet 'dispatcherServlet' 
2020-05-26 14:35:24.806 INFO   o.s.web.servlet.DispatcherServlet - Initializing Servlet 'dispatcherServlet' 
2020-05-26 14:35:24.812 INFO   o.s.web.servlet.DispatcherServlet - Completed initialization in 6 ms 
2020-05-26 14:41:03.129 WARN   o.s.w.s.m.s.DefaultHandlerExceptionResolver - Resolved [org.springframework.web.HttpRequestMethodNotSupportedException: Request method 'GET' not supported] 
2020-05-26 14:43:48.843 WARN   o.s.w.s.m.s.DefaultHandlerExceptionResolver - Resolved [org.springframework.web.HttpRequestMethodNotSupportedException: Request method 'GET' not supported] 
2020-05-26 14:44:33.893 INFO   c.g.expense.ExpenseApplication - Starting ExpenseApplication on XTZ-01905221424 with PID 11336 (E:\expense\target\classes started by Administrator in E:\expense) 
2020-05-26 14:44:33.896 INFO   c.g.expense.ExpenseApplication - No active profile set, falling back to default profiles: default 
2020-05-26 14:44:34.987 INFO   o.s.b.w.e.tomcat.TomcatWebServer - Tomcat initialized with port(s): 8088 (http) 
2020-05-26 14:44:35.000 INFO   o.a.coyote.http11.Http11NioProtocol - Initializing ProtocolHandler ["http-nio-8088"] 
2020-05-26 14:44:35.006 INFO   o.a.catalina.core.StandardService - Starting service [Tomcat] 
2020-05-26 14:44:35.006 INFO   o.a.catalina.core.StandardEngine - Starting Servlet Engine: Apache Tomcat/9.0.12 
2020-05-26 14:44:35.014 INFO   o.a.c.core.AprLifecycleListener - The APR based Apache Tomcat Native library which allows optimal performance in production environments was not found on the java.library.path: [D:\Java\jdk1.8.0_111\bin;C:\WINDOWS\Sun\Java\bin;C:\WINDOWS\system32;C:\WINDOWS;D:/Java/jre.1.8.0_111/bin/server;D:/Java/jre.1.8.0_111/bin;D:/Java/jre.1.8.0_111/lib/amd64;C:\ProgramData\Oracle\Java\javapath;C:\WINDOWS\system32;C:\WINDOWS;C:\WINDOWS\System32\Wbem;C:\WINDOWS\System32\WindowsPowerShell\v1.0\;D:\apache-maven-3.5.0\bin;C:\WINDOWS\System32\OpenSSH\;D:\mysql-8.0.15-winx64\bin;D:\Java\jdk1.8.0_111\bin;C:\Users\Administrator\AppData\Local\Microsoft\WindowsApps;;D:\eclipse;;.] 
2020-05-26 14:44:35.099 INFO   o.a.c.c.C.[Tomcat].[localhost].[/] - Initializing Spring embedded WebApplicationContext 
2020-05-26 14:44:35.100 INFO   o.s.web.context.ContextLoader - Root WebApplicationContext: initialization completed in 1172 ms 
2020-05-26 14:44:35.118 INFO   o.s.b.w.s.ServletRegistrationBean - Servlet dispatcherServlet mapped to [/] 
2020-05-26 14:44:35.121 INFO   o.s.b.w.s.FilterRegistrationBean - Mapping filter: 'characterEncodingFilter' to: [/*] 
2020-05-26 14:44:35.121 INFO   o.s.b.w.s.FilterRegistrationBean - Mapping filter: 'hiddenHttpMethodFilter' to: [/*] 
2020-05-26 14:44:35.121 INFO   o.s.b.w.s.FilterRegistrationBean - Mapping filter: 'formContentFilter' to: [/*] 
2020-05-26 14:44:35.121 INFO   o.s.b.w.s.FilterRegistrationBean - Mapping filter: 'requestContextFilter' to: [/*] 
2020-05-26 14:44:35.273 INFO   o.s.s.c.ThreadPoolTaskExecutor - Initializing ExecutorService 'applicationTaskExecutor' 
2020-05-26 14:44:35.404 INFO   o.s.b.a.w.s.WelcomePageHandlerMapping - Adding welcome page template: index 
2020-05-26 14:44:35.504 INFO   o.a.coyote.http11.Http11NioProtocol - Starting ProtocolHandler ["http-nio-8088"] 
2020-05-26 14:44:35.513 INFO   o.a.tomcat.util.net.NioSelectorPool - Using a shared selector for servlet write/read 
2020-05-26 14:44:35.527 INFO   o.s.b.w.e.tomcat.TomcatWebServer - Tomcat started on port(s): 8088 (http) with context path '' 
2020-05-26 14:44:35.530 INFO   c.g.expense.ExpenseApplication - Started ExpenseApplication in 1.893 seconds (JVM running for 2.359) 
2020-05-26 14:44:46.599 INFO   o.a.c.c.C.[Tomcat].[localhost].[/] - Initializing Spring DispatcherServlet 'dispatcherServlet' 
2020-05-26 14:44:46.599 INFO   o.s.web.servlet.DispatcherServlet - Initializing Servlet 'dispatcherServlet' 
2020-05-26 14:44:46.604 INFO   o.s.web.servlet.DispatcherServlet - Completed initialization in 5 ms 
