2020-06-04 09:39:38.395 INFO   o.s.b.t.c.SpringBootTestContextBootstrapper - Neither @ContextConfiguration nor @ContextHierarchy found for test class [com.gusangyuan.expense.ExpenseApplicationTests], using SpringBootContextLoader 
2020-06-04 09:39:38.410 INFO   o.s.t.c.s.AbstractContextLoader - Could not detect default resource locations for test class [com.gusangyuan.expense.ExpenseApplicationTests]: no resource found for suffixes {-context.xml, Context.groovy}. 
2020-06-04 09:39:38.411 INFO   o.s.t.c.s.AnnotationConfigContextLoaderUtils - Could not detect default configuration classes for test class [com.gusangyuan.expense.ExpenseApplicationTests]: ExpenseApplicationTests does not declare any static, non-private, non-final, nested classes annotated with @Configuration. 
2020-06-04 09:39:38.579 INFO   o.s.b.t.c.SpringBootTestContextBootstrapper - Found @SpringBootConfiguration com.gusangyuan.expense.ExpenseApplication for test class com.gusangyuan.expense.ExpenseApplicationTests 
2020-06-04 09:39:38.716 INFO   o.s.b.t.c.SpringBootTestContextBootstrapper - Loaded default TestExecutionListener class names from location [META-INF/spring.factories]: [org.springframework.boot.test.mock.mockito.MockitoTestExecutionListener, org.springframework.boot.test.mock.mockito.ResetMocksTestExecutionListener, org.springframework.boot.test.autoconfigure.restdocs.RestDocsTestExecutionListener, org.springframework.boot.test.autoconfigure.web.client.MockRestServiceServerResetTestExecutionListener, org.springframework.boot.test.autoconfigure.web.servlet.MockMvcPrintOnlyOnFailureTestExecutionListener, org.springframework.boot.test.autoconfigure.web.servlet.WebDriverTestExecutionListener, org.springframework.test.context.web.ServletTestExecutionListener, org.springframework.test.context.support.DirtiesContextBeforeModesTestExecutionListener, org.springframework.test.context.support.DependencyInjectionTestExecutionListener, org.springframework.test.context.support.DirtiesContextTestExecutionListener, org.springframework.test.context.transaction.TransactionalTestExecutionListener, org.springframework.test.context.jdbc.SqlScriptsTestExecutionListener] 
2020-06-04 09:39:38.733 INFO   o.s.b.t.c.SpringBootTestContextBootstrapper - Using TestExecutionListeners: [org.springframework.test.context.web.ServletTestExecutionListener@34f7234e, org.springframework.test.context.support.DirtiesContextBeforeModesTestExecutionListener@753432a2, org.springframework.boot.test.mock.mockito.MockitoTestExecutionListener@23bff419, org.springframework.boot.test.autoconfigure.SpringBootDependencyInjectionTestExecutionListener@4983159f, org.springframework.test.context.support.DirtiesContextTestExecutionListener@44e3a2b2, org.springframework.boot.test.mock.mockito.ResetMocksTestExecutionListener@101639ae, org.springframework.boot.test.autoconfigure.restdocs.RestDocsTestExecutionListener@4c550889, org.springframework.boot.test.autoconfigure.web.client.MockRestServiceServerResetTestExecutionListener@1d2bd371, org.springframework.boot.test.autoconfigure.web.servlet.MockMvcPrintOnlyOnFailureTestExecutionListener@44040454, org.springframework.boot.test.autoconfigure.web.servlet.WebDriverTestExecutionListener@65fe9e33] 
2020-06-04 09:39:39.131 INFO   c.g.expense.ExpenseApplicationTests - Starting ExpenseApplicationTests on XTZ-01905221424 with PID 12116 (started by Administrator in E:\expense) 
2020-06-04 09:39:39.132 INFO   c.g.expense.ExpenseApplicationTests - No active profile set, falling back to default profiles: default 
2020-06-04 09:39:41.087 INFO   o.s.s.c.ThreadPoolTaskExecutor - Initializing ExecutorService 'applicationTaskExecutor' 
2020-06-04 09:39:41.518 INFO   o.s.b.a.w.s.WelcomePageHandlerMapping - Adding welcome page template: index 
2020-06-04 09:39:41.736 INFO   c.g.expense.ExpenseApplicationTests - Started ExpenseApplicationTests in 2.932 seconds (JVM running for 4.943) 
2020-06-04 09:40:16.395 INFO   o.s.s.c.ThreadPoolTaskExecutor - Shutting down ExecutorService 'applicationTaskExecutor' 
2020-06-04 09:41:25.814 INFO   o.s.b.t.c.SpringBootTestContextBootstrapper - Neither @ContextConfiguration nor @ContextHierarchy found for test class [com.gusangyuan.expense.ExpenseApplicationTests], using SpringBootContextLoader 
2020-06-04 09:41:25.824 INFO   o.s.t.c.s.AbstractContextLoader - Could not detect default resource locations for test class [com.gusangyuan.expense.ExpenseApplicationTests]: no resource found for suffixes {-context.xml, Context.groovy}. 
2020-06-04 09:41:25.826 INFO   o.s.t.c.s.AnnotationConfigContextLoaderUtils - Could not detect default configuration classes for test class [com.gusangyuan.expense.ExpenseApplicationTests]: ExpenseApplicationTests does not declare any static, non-private, non-final, nested classes annotated with @Configuration. 
2020-06-04 09:41:26.014 INFO   o.s.b.t.c.SpringBootTestContextBootstrapper - Found @SpringBootConfiguration com.gusangyuan.expense.ExpenseApplication for test class com.gusangyuan.expense.ExpenseApplicationTests 
2020-06-04 09:41:26.152 INFO   o.s.b.t.c.SpringBootTestContextBootstrapper - Loaded default TestExecutionListener class names from location [META-INF/spring.factories]: [org.springframework.boot.test.mock.mockito.MockitoTestExecutionListener, org.springframework.boot.test.mock.mockito.ResetMocksTestExecutionListener, org.springframework.boot.test.autoconfigure.restdocs.RestDocsTestExecutionListener, org.springframework.boot.test.autoconfigure.web.client.MockRestServiceServerResetTestExecutionListener, org.springframework.boot.test.autoconfigure.web.servlet.MockMvcPrintOnlyOnFailureTestExecutionListener, org.springframework.boot.test.autoconfigure.web.servlet.WebDriverTestExecutionListener, org.springframework.test.context.web.ServletTestExecutionListener, org.springframework.test.context.support.DirtiesContextBeforeModesTestExecutionListener, org.springframework.test.context.support.DependencyInjectionTestExecutionListener, org.springframework.test.context.support.DirtiesContextTestExecutionListener, org.springframework.test.context.transaction.TransactionalTestExecutionListener, org.springframework.test.context.jdbc.SqlScriptsTestExecutionListener] 
2020-06-04 09:41:26.174 INFO   o.s.b.t.c.SpringBootTestContextBootstrapper - Using TestExecutionListeners: [org.springframework.test.context.web.ServletTestExecutionListener@8692d67, org.springframework.test.context.support.DirtiesContextBeforeModesTestExecutionListener@78f5c518, org.springframework.boot.test.mock.mockito.MockitoTestExecutionListener@2f48b3d2, org.springframework.boot.test.autoconfigure.SpringBootDependencyInjectionTestExecutionListener@34f7234e, org.springframework.test.context.support.DirtiesContextTestExecutionListener@753432a2, org.springframework.boot.test.mock.mockito.ResetMocksTestExecutionListener@23bff419, org.springframework.boot.test.autoconfigure.restdocs.RestDocsTestExecutionListener@4983159f, org.springframework.boot.test.autoconfigure.web.client.MockRestServiceServerResetTestExecutionListener@44e3a2b2, org.springframework.boot.test.autoconfigure.web.servlet.MockMvcPrintOnlyOnFailureTestExecutionListener@101639ae, org.springframework.boot.test.autoconfigure.web.servlet.WebDriverTestExecutionListener@4c550889] 
2020-06-04 09:41:26.580 INFO   c.g.expense.ExpenseApplicationTests - Starting ExpenseApplicationTests on XTZ-01905221424 with PID 12360 (started by Administrator in E:\expense) 
2020-06-04 09:41:26.580 INFO   c.g.expense.ExpenseApplicationTests - No active profile set, falling back to default profiles: default 
2020-06-04 09:41:28.457 INFO   o.s.s.c.ThreadPoolTaskExecutor - Initializing ExecutorService 'applicationTaskExecutor' 
2020-06-04 09:41:28.897 INFO   o.s.b.a.w.s.WelcomePageHandlerMapping - Adding welcome page template: index 
2020-06-04 09:41:29.104 INFO   c.g.expense.ExpenseApplicationTests - Started ExpenseApplicationTests in 2.865 seconds (JVM running for 4.326) 
2020-06-04 09:41:49.536 INFO   o.s.s.c.ThreadPoolTaskExecutor - Shutting down ExecutorService 'applicationTaskExecutor' 
2020-06-04 09:42:50.064 INFO   o.s.b.t.c.SpringBootTestContextBootstrapper - Neither @ContextConfiguration nor @ContextHierarchy found for test class [com.gusangyuan.expense.ExpenseApplicationTests], using SpringBootContextLoader 
2020-06-04 09:42:50.074 INFO   o.s.t.c.s.AbstractContextLoader - Could not detect default resource locations for test class [com.gusangyuan.expense.ExpenseApplicationTests]: no resource found for suffixes {-context.xml, Context.groovy}. 
2020-06-04 09:42:50.076 INFO   o.s.t.c.s.AnnotationConfigContextLoaderUtils - Could not detect default configuration classes for test class [com.gusangyuan.expense.ExpenseApplicationTests]: ExpenseApplicationTests does not declare any static, non-private, non-final, nested classes annotated with @Configuration. 
2020-06-04 09:42:50.240 INFO   o.s.b.t.c.SpringBootTestContextBootstrapper - Found @SpringBootConfiguration com.gusangyuan.expense.ExpenseApplication for test class com.gusangyuan.expense.ExpenseApplicationTests 
2020-06-04 09:42:50.397 INFO   o.s.b.t.c.SpringBootTestContextBootstrapper - Loaded default TestExecutionListener class names from location [META-INF/spring.factories]: [org.springframework.boot.test.mock.mockito.MockitoTestExecutionListener, org.springframework.boot.test.mock.mockito.ResetMocksTestExecutionListener, org.springframework.boot.test.autoconfigure.restdocs.RestDocsTestExecutionListener, org.springframework.boot.test.autoconfigure.web.client.MockRestServiceServerResetTestExecutionListener, org.springframework.boot.test.autoconfigure.web.servlet.MockMvcPrintOnlyOnFailureTestExecutionListener, org.springframework.boot.test.autoconfigure.web.servlet.WebDriverTestExecutionListener, org.springframework.test.context.web.ServletTestExecutionListener, org.springframework.test.context.support.DirtiesContextBeforeModesTestExecutionListener, org.springframework.test.context.support.DependencyInjectionTestExecutionListener, org.springframework.test.context.support.DirtiesContextTestExecutionListener, org.springframework.test.context.transaction.TransactionalTestExecutionListener, org.springframework.test.context.jdbc.SqlScriptsTestExecutionListener] 
2020-06-04 09:42:50.416 INFO   o.s.b.t.c.SpringBootTestContextBootstrapper - Using TestExecutionListeners: [org.springframework.test.context.web.ServletTestExecutionListener@8692d67, org.springframework.test.context.support.DirtiesContextBeforeModesTestExecutionListener@78f5c518, org.springframework.boot.test.mock.mockito.MockitoTestExecutionListener@2f48b3d2, org.springframework.boot.test.autoconfigure.SpringBootDependencyInjectionTestExecutionListener@34f7234e, org.springframework.test.context.support.DirtiesContextTestExecutionListener@753432a2, org.springframework.boot.test.mock.mockito.ResetMocksTestExecutionListener@23bff419, org.springframework.boot.test.autoconfigure.restdocs.RestDocsTestExecutionListener@4983159f, org.springframework.boot.test.autoconfigure.web.client.MockRestServiceServerResetTestExecutionListener@44e3a2b2, org.springframework.boot.test.autoconfigure.web.servlet.MockMvcPrintOnlyOnFailureTestExecutionListener@101639ae, org.springframework.boot.test.autoconfigure.web.servlet.WebDriverTestExecutionListener@4c550889] 
2020-06-04 09:42:50.814 INFO   c.g.expense.ExpenseApplicationTests - Starting ExpenseApplicationTests on XTZ-01905221424 with PID 8488 (started by Administrator in E:\expense) 
2020-06-04 09:42:50.814 INFO   c.g.expense.ExpenseApplicationTests - No active profile set, falling back to default profiles: default 
2020-06-04 09:42:52.765 INFO   o.s.s.c.ThreadPoolTaskExecutor - Initializing ExecutorService 'applicationTaskExecutor' 
2020-06-04 09:42:53.218 INFO   o.s.b.a.w.s.WelcomePageHandlerMapping - Adding welcome page template: index 
2020-06-04 09:42:53.424 INFO   c.g.expense.ExpenseApplicationTests - Started ExpenseApplicationTests in 2.947 seconds (JVM running for 4.402) 
2020-06-04 09:43:35.944 INFO   c.g.expense.ExpenseApplicationTests - {"monthTotal":[4900,8],"yearTotal":4908} 
2020-06-04 09:43:35.972 INFO   o.s.s.c.ThreadPoolTaskExecutor - Shutting down ExecutorService 'applicationTaskExecutor' 
2020-06-04 10:19:45.583 INFO   o.s.b.t.c.SpringBootTestContextBootstrapper - Neither @ContextConfiguration nor @ContextHierarchy found for test class [com.gusangyuan.expense.ExpenseApplicationTests], using SpringBootContextLoader 
2020-06-04 10:19:45.590 INFO   o.s.t.c.s.AbstractContextLoader - Could not detect default resource locations for test class [com.gusangyuan.expense.ExpenseApplicationTests]: no resource found for suffixes {-context.xml, Context.groovy}. 
2020-06-04 10:19:45.591 INFO   o.s.t.c.s.AnnotationConfigContextLoaderUtils - Could not detect default configuration classes for test class [com.gusangyuan.expense.ExpenseApplicationTests]: ExpenseApplicationTests does not declare any static, non-private, non-final, nested classes annotated with @Configuration. 
2020-06-04 10:19:45.758 INFO   o.s.b.t.c.SpringBootTestContextBootstrapper - Found @SpringBootConfiguration com.gusangyuan.expense.ExpenseApplication for test class com.gusangyuan.expense.ExpenseApplicationTests 
2020-06-04 10:19:45.898 INFO   o.s.b.t.c.SpringBootTestContextBootstrapper - Loaded default TestExecutionListener class names from location [META-INF/spring.factories]: [org.springframework.boot.test.mock.mockito.MockitoTestExecutionListener, org.springframework.boot.test.mock.mockito.ResetMocksTestExecutionListener, org.springframework.boot.test.autoconfigure.restdocs.RestDocsTestExecutionListener, org.springframework.boot.test.autoconfigure.web.client.MockRestServiceServerResetTestExecutionListener, org.springframework.boot.test.autoconfigure.web.servlet.MockMvcPrintOnlyOnFailureTestExecutionListener, org.springframework.boot.test.autoconfigure.web.servlet.WebDriverTestExecutionListener, org.springframework.test.context.web.ServletTestExecutionListener, org.springframework.test.context.support.DirtiesContextBeforeModesTestExecutionListener, org.springframework.test.context.support.DependencyInjectionTestExecutionListener, org.springframework.test.context.support.DirtiesContextTestExecutionListener, org.springframework.test.context.transaction.TransactionalTestExecutionListener, org.springframework.test.context.jdbc.SqlScriptsTestExecutionListener] 
2020-06-04 10:19:45.917 INFO   o.s.b.t.c.SpringBootTestContextBootstrapper - Using TestExecutionListeners: [org.springframework.test.context.web.ServletTestExecutionListener@8692d67, org.springframework.test.context.support.DirtiesContextBeforeModesTestExecutionListener@78f5c518, org.springframework.boot.test.mock.mockito.MockitoTestExecutionListener@2f48b3d2, org.springframework.boot.test.autoconfigure.SpringBootDependencyInjectionTestExecutionListener@34f7234e, org.springframework.test.context.support.DirtiesContextTestExecutionListener@753432a2, org.springframework.boot.test.mock.mockito.ResetMocksTestExecutionListener@23bff419, org.springframework.boot.test.autoconfigure.restdocs.RestDocsTestExecutionListener@4983159f, org.springframework.boot.test.autoconfigure.web.client.MockRestServiceServerResetTestExecutionListener@44e3a2b2, org.springframework.boot.test.autoconfigure.web.servlet.MockMvcPrintOnlyOnFailureTestExecutionListener@101639ae, org.springframework.boot.test.autoconfigure.web.servlet.WebDriverTestExecutionListener@4c550889] 
2020-06-04 10:19:46.345 INFO   c.g.expense.ExpenseApplicationTests - Starting ExpenseApplicationTests on XTZ-01905221424 with PID 12740 (started by Administrator in E:\expense) 
2020-06-04 10:19:46.346 INFO   c.g.expense.ExpenseApplicationTests - No active profile set, falling back to default profiles: default 
2020-06-04 10:19:48.220 INFO   o.s.s.c.ThreadPoolTaskExecutor - Initializing ExecutorService 'applicationTaskExecutor' 
2020-06-04 10:19:48.626 INFO   o.s.b.a.w.s.WelcomePageHandlerMapping - Adding welcome page template: index 
2020-06-04 10:19:48.846 INFO   c.g.expense.ExpenseApplicationTests - Started ExpenseApplicationTests in 2.854 seconds (JVM running for 4.272) 
2020-06-04 10:19:58.542 INFO   c.g.expense.ExpenseApplicationTests - {"monthTotal":{"/E:/expense/05":4900,"/E:/expense/06":8},"yearTotal":4908} 
2020-06-04 10:19:58.569 INFO   o.s.s.c.ThreadPoolTaskExecutor - Shutting down ExecutorService 'applicationTaskExecutor' 
2020-06-04 10:20:45.421 INFO   o.s.b.t.c.SpringBootTestContextBootstrapper - Neither @ContextConfiguration nor @ContextHierarchy found for test class [com.gusangyuan.expense.ExpenseApplicationTests], using SpringBootContextLoader 
2020-06-04 10:20:45.430 INFO   o.s.t.c.s.AbstractContextLoader - Could not detect default resource locations for test class [com.gusangyuan.expense.ExpenseApplicationTests]: no resource found for suffixes {-context.xml, Context.groovy}. 
2020-06-04 10:20:45.431 INFO   o.s.t.c.s.AnnotationConfigContextLoaderUtils - Could not detect default configuration classes for test class [com.gusangyuan.expense.ExpenseApplicationTests]: ExpenseApplicationTests does not declare any static, non-private, non-final, nested classes annotated with @Configuration. 
2020-06-04 10:20:45.598 INFO   o.s.b.t.c.SpringBootTestContextBootstrapper - Found @SpringBootConfiguration com.gusangyuan.expense.ExpenseApplication for test class com.gusangyuan.expense.ExpenseApplicationTests 
2020-06-04 10:20:45.730 INFO   o.s.b.t.c.SpringBootTestContextBootstrapper - Loaded default TestExecutionListener class names from location [META-INF/spring.factories]: [org.springframework.boot.test.mock.mockito.MockitoTestExecutionListener, org.springframework.boot.test.mock.mockito.ResetMocksTestExecutionListener, org.springframework.boot.test.autoconfigure.restdocs.RestDocsTestExecutionListener, org.springframework.boot.test.autoconfigure.web.client.MockRestServiceServerResetTestExecutionListener, org.springframework.boot.test.autoconfigure.web.servlet.MockMvcPrintOnlyOnFailureTestExecutionListener, org.springframework.boot.test.autoconfigure.web.servlet.WebDriverTestExecutionListener, org.springframework.test.context.web.ServletTestExecutionListener, org.springframework.test.context.support.DirtiesContextBeforeModesTestExecutionListener, org.springframework.test.context.support.DependencyInjectionTestExecutionListener, org.springframework.test.context.support.DirtiesContextTestExecutionListener, org.springframework.test.context.transaction.TransactionalTestExecutionListener, org.springframework.test.context.jdbc.SqlScriptsTestExecutionListener] 
2020-06-04 10:20:45.746 INFO   o.s.b.t.c.SpringBootTestContextBootstrapper - Using TestExecutionListeners: [org.springframework.test.context.web.ServletTestExecutionListener@8692d67, org.springframework.test.context.support.DirtiesContextBeforeModesTestExecutionListener@78f5c518, org.springframework.boot.test.mock.mockito.MockitoTestExecutionListener@2f48b3d2, org.springframework.boot.test.autoconfigure.SpringBootDependencyInjectionTestExecutionListener@34f7234e, org.springframework.test.context.support.DirtiesContextTestExecutionListener@753432a2, org.springframework.boot.test.mock.mockito.ResetMocksTestExecutionListener@23bff419, org.springframework.boot.test.autoconfigure.restdocs.RestDocsTestExecutionListener@4983159f, org.springframework.boot.test.autoconfigure.web.client.MockRestServiceServerResetTestExecutionListener@44e3a2b2, org.springframework.boot.test.autoconfigure.web.servlet.MockMvcPrintOnlyOnFailureTestExecutionListener@101639ae, org.springframework.boot.test.autoconfigure.web.servlet.WebDriverTestExecutionListener@4c550889] 
2020-06-04 10:20:46.156 INFO   c.g.expense.ExpenseApplicationTests - Starting ExpenseApplicationTests on XTZ-01905221424 with PID 8560 (started by Administrator in E:\expense) 
2020-06-04 10:20:46.157 INFO   c.g.expense.ExpenseApplicationTests - No active profile set, falling back to default profiles: default 
2020-06-04 10:20:48.031 INFO   o.s.s.c.ThreadPoolTaskExecutor - Initializing ExecutorService 'applicationTaskExecutor' 
2020-06-04 10:20:48.462 INFO   o.s.b.a.w.s.WelcomePageHandlerMapping - Adding welcome page template: index 
2020-06-04 10:20:48.670 INFO   c.g.expense.ExpenseApplicationTests - Started ExpenseApplicationTests in 2.86 seconds (JVM running for 4.282) 
2020-06-04 10:23:03.281 INFO   c.g.expense.ExpenseApplicationTests - {"monthTotal":{"/E:/expense/05":4900,"06":8},"yearTotal":4908} 
2020-06-04 10:23:03.310 INFO   o.s.s.c.ThreadPoolTaskExecutor - Shutting down ExecutorService 'applicationTaskExecutor' 
2020-06-04 10:23:39.395 INFO   o.s.b.t.c.SpringBootTestContextBootstrapper - Neither @ContextConfiguration nor @ContextHierarchy found for test class [com.gusangyuan.expense.ExpenseApplicationTests], using SpringBootContextLoader 
2020-06-04 10:23:39.400 INFO   o.s.t.c.s.AbstractContextLoader - Could not detect default resource locations for test class [com.gusangyuan.expense.ExpenseApplicationTests]: no resource found for suffixes {-context.xml, Context.groovy}. 
2020-06-04 10:23:39.401 INFO   o.s.t.c.s.AnnotationConfigContextLoaderUtils - Could not detect default configuration classes for test class [com.gusangyuan.expense.ExpenseApplicationTests]: ExpenseApplicationTests does not declare any static, non-private, non-final, nested classes annotated with @Configuration. 
2020-06-04 10:23:39.500 INFO   o.s.b.t.c.SpringBootTestContextBootstrapper - Found @SpringBootConfiguration com.gusangyuan.expense.ExpenseApplication for test class com.gusangyuan.expense.ExpenseApplicationTests 
2020-06-04 10:23:39.584 INFO   o.s.b.t.c.SpringBootTestContextBootstrapper - Loaded default TestExecutionListener class names from location [META-INF/spring.factories]: [org.springframework.boot.test.mock.mockito.MockitoTestExecutionListener, org.springframework.boot.test.mock.mockito.ResetMocksTestExecutionListener, org.springframework.boot.test.autoconfigure.restdocs.RestDocsTestExecutionListener, org.springframework.boot.test.autoconfigure.web.client.MockRestServiceServerResetTestExecutionListener, org.springframework.boot.test.autoconfigure.web.servlet.MockMvcPrintOnlyOnFailureTestExecutionListener, org.springframework.boot.test.autoconfigure.web.servlet.WebDriverTestExecutionListener, org.springframework.test.context.web.ServletTestExecutionListener, org.springframework.test.context.support.DirtiesContextBeforeModesTestExecutionListener, org.springframework.test.context.support.DependencyInjectionTestExecutionListener, org.springframework.test.context.support.DirtiesContextTestExecutionListener, org.springframework.test.context.transaction.TransactionalTestExecutionListener, org.springframework.test.context.jdbc.SqlScriptsTestExecutionListener] 
2020-06-04 10:23:39.596 INFO   o.s.b.t.c.SpringBootTestContextBootstrapper - Using TestExecutionListeners: [org.springframework.test.context.web.ServletTestExecutionListener@158a8276, org.springframework.test.context.support.DirtiesContextBeforeModesTestExecutionListener@3c3d9b6b, org.springframework.boot.test.mock.mockito.MockitoTestExecutionListener@79d8407f, org.springframework.boot.test.autoconfigure.SpringBootDependencyInjectionTestExecutionListener@5fbe4146, org.springframework.test.context.support.DirtiesContextTestExecutionListener@1e66f1f5, org.springframework.boot.test.mock.mockito.ResetMocksTestExecutionListener@4e50c791, org.springframework.boot.test.autoconfigure.restdocs.RestDocsTestExecutionListener@7530ad9c, org.springframework.boot.test.autoconfigure.web.client.MockRestServiceServerResetTestExecutionListener@58a9760d, org.springframework.boot.test.autoconfigure.web.servlet.MockMvcPrintOnlyOnFailureTestExecutionListener@71e9ddb4, org.springframework.boot.test.autoconfigure.web.servlet.WebDriverTestExecutionListener@394df057] 
2020-06-04 10:23:39.887 INFO   c.g.expense.ExpenseApplicationTests - Starting ExpenseApplicationTests on XTZ-01905221424 with PID 18340 (started by Administrator in E:\expense) 
2020-06-04 10:23:39.889 INFO   c.g.expense.ExpenseApplicationTests - No active profile set, falling back to default profiles: default 
2020-06-04 10:23:41.185 INFO   o.s.s.c.ThreadPoolTaskExecutor - Initializing ExecutorService 'applicationTaskExecutor' 
2020-06-04 10:23:41.413 INFO   o.s.b.a.w.s.WelcomePageHandlerMapping - Adding welcome page template: index 
2020-06-04 10:23:41.549 INFO   c.g.expense.ExpenseApplicationTests - Started ExpenseApplicationTests in 1.908 seconds (JVM running for 2.741) 
2020-06-04 10:23:41.781 INFO   c.g.expense.ExpenseApplicationTests - 当前天：false 
2020-06-04 10:23:41.793 INFO   c.g.expense.ExpenseApplicationTests - 文件地址是否存在：false 
2020-06-04 10:23:41.794 INFO   c.g.expense.ExpenseApplicationTests - 文件路径：file 
2020-06-04 10:23:41.794 INFO   c.g.expense.ExpenseApplicationTests - 合成文件路径：E:\file\2020 
2020-06-04 10:23:41.799 INFO   c.g.expense.ExpenseApplicationTests - E:\expense\files\2020\05 
2020-06-04 10:23:41.799 INFO   c.g.expense.ExpenseApplicationTests - E:\expense\files\2020\05\29.txt 
2020-06-04 10:23:41.799 INFO   c.g.expense.ExpenseApplicationTests - E:\expense\files\2020\05\30.txt 
2020-06-04 10:23:41.799 INFO   c.g.expense.ExpenseApplicationTests - E:\expense\files\2020\06 
2020-06-04 10:23:41.799 INFO   c.g.expense.ExpenseApplicationTests - E:\expense\files\2020\06\03.txt 
2020-06-04 10:23:41.853 INFO   c.g.expense.ExpenseApplicationTests - {"monthTotal":{"05":4900,"06":8},"yearTotal":4908} 
2020-06-04 10:23:41.871 INFO   o.s.s.c.ThreadPoolTaskExecutor - Shutting down ExecutorService 'applicationTaskExecutor' 
2020-06-04 10:23:52.213 INFO   o.s.b.t.c.SpringBootTestContextBootstrapper - Neither @ContextConfiguration nor @ContextHierarchy found for test class [com.gusangyuan.expense.ExpenseApplicationTests], using SpringBootContextLoader 
2020-06-04 10:23:52.220 INFO   o.s.t.c.s.AbstractContextLoader - Could not detect default resource locations for test class [com.gusangyuan.expense.ExpenseApplicationTests]: no resource found for suffixes {-context.xml, Context.groovy}. 
2020-06-04 10:23:52.221 INFO   o.s.t.c.s.AnnotationConfigContextLoaderUtils - Could not detect default configuration classes for test class [com.gusangyuan.expense.ExpenseApplicationTests]: ExpenseApplicationTests does not declare any static, non-private, non-final, nested classes annotated with @Configuration. 
2020-06-04 10:23:52.321 INFO   o.s.b.t.c.SpringBootTestContextBootstrapper - Found @SpringBootConfiguration com.gusangyuan.expense.ExpenseApplication for test class com.gusangyuan.expense.ExpenseApplicationTests 
2020-06-04 10:23:52.404 INFO   o.s.b.t.c.SpringBootTestContextBootstrapper - Loaded default TestExecutionListener class names from location [META-INF/spring.factories]: [org.springframework.boot.test.mock.mockito.MockitoTestExecutionListener, org.springframework.boot.test.mock.mockito.ResetMocksTestExecutionListener, org.springframework.boot.test.autoconfigure.restdocs.RestDocsTestExecutionListener, org.springframework.boot.test.autoconfigure.web.client.MockRestServiceServerResetTestExecutionListener, org.springframework.boot.test.autoconfigure.web.servlet.MockMvcPrintOnlyOnFailureTestExecutionListener, org.springframework.boot.test.autoconfigure.web.servlet.WebDriverTestExecutionListener, org.springframework.test.context.web.ServletTestExecutionListener, org.springframework.test.context.support.DirtiesContextBeforeModesTestExecutionListener, org.springframework.test.context.support.DependencyInjectionTestExecutionListener, org.springframework.test.context.support.DirtiesContextTestExecutionListener, org.springframework.test.context.transaction.TransactionalTestExecutionListener, org.springframework.test.context.jdbc.SqlScriptsTestExecutionListener] 
2020-06-04 10:23:52.414 INFO   o.s.b.t.c.SpringBootTestContextBootstrapper - Using TestExecutionListeners: [org.springframework.test.context.web.ServletTestExecutionListener@7530ad9c, org.springframework.test.context.support.DirtiesContextBeforeModesTestExecutionListener@58a9760d, org.springframework.boot.test.mock.mockito.MockitoTestExecutionListener@71e9ddb4, org.springframework.boot.test.autoconfigure.SpringBootDependencyInjectionTestExecutionListener@394df057, org.springframework.test.context.support.DirtiesContextTestExecutionListener@4961f6af, org.springframework.boot.test.mock.mockito.ResetMocksTestExecutionListener@5aebe890, org.springframework.boot.test.autoconfigure.restdocs.RestDocsTestExecutionListener@65d09a04, org.springframework.boot.test.autoconfigure.web.client.MockRestServiceServerResetTestExecutionListener@33c911a1, org.springframework.boot.test.autoconfigure.web.servlet.MockMvcPrintOnlyOnFailureTestExecutionListener@75db5df9, org.springframework.boot.test.autoconfigure.web.servlet.WebDriverTestExecutionListener@707194ba] 
2020-06-04 10:23:52.707 INFO   c.g.expense.ExpenseApplicationTests - Starting ExpenseApplicationTests on XTZ-01905221424 with PID 15200 (started by Administrator in E:\expense) 
2020-06-04 10:23:52.708 INFO   c.g.expense.ExpenseApplicationTests - No active profile set, falling back to default profiles: default 
2020-06-04 10:23:54.013 INFO   o.s.s.c.ThreadPoolTaskExecutor - Initializing ExecutorService 'applicationTaskExecutor' 
2020-06-04 10:23:54.243 INFO   o.s.b.a.w.s.WelcomePageHandlerMapping - Adding welcome page template: index 
2020-06-04 10:23:54.388 INFO   c.g.expense.ExpenseApplicationTests - Started ExpenseApplicationTests in 1.927 seconds (JVM running for 2.798) 
2020-06-04 10:23:54.682 INFO   c.g.expense.ExpenseApplicationTests - {"monthTotal":{"05":4900,"06":8},"yearTotal":4908} 
2020-06-04 10:23:54.701 INFO   o.s.s.c.ThreadPoolTaskExecutor - Shutting down ExecutorService 'applicationTaskExecutor' 
2020-06-04 11:03:25.448 INFO   c.g.expense.ExpenseApplication - Starting ExpenseApplication on XTZ-01905221424 with PID 14992 (E:\expense\target\classes started by Administrator in E:\expense) 
2020-06-04 11:03:25.451 INFO   c.g.expense.ExpenseApplication - No active profile set, falling back to default profiles: default 
2020-06-04 11:03:26.154 INFO   o.s.b.w.e.tomcat.TomcatWebServer - Tomcat initialized with port(s): 8088 (http) 
2020-06-04 11:03:26.162 INFO   o.a.coyote.http11.Http11NioProtocol - Initializing ProtocolHandler ["http-nio-8088"] 
2020-06-04 11:03:26.165 INFO   o.a.catalina.core.StandardService - Starting service [Tomcat] 
2020-06-04 11:03:26.165 INFO   o.a.catalina.core.StandardEngine - Starting Servlet Engine: Apache Tomcat/9.0.12 
2020-06-04 11:03:26.170 INFO   o.a.c.core.AprLifecycleListener - The APR based Apache Tomcat Native library which allows optimal performance in production environments was not found on the java.library.path: [D:\Java\jdk1.8.0_111\bin;C:\WINDOWS\Sun\Java\bin;C:\WINDOWS\system32;C:\WINDOWS;D:/Java/jre.1.8.0_111/bin/server;D:/Java/jre.1.8.0_111/bin;D:/Java/jre.1.8.0_111/lib/amd64;C:\ProgramData\Oracle\Java\javapath;C:\WINDOWS\system32;C:\WINDOWS;C:\WINDOWS\System32\Wbem;C:\WINDOWS\System32\WindowsPowerShell\v1.0\;D:\apache-maven-3.5.0\bin;C:\WINDOWS\System32\OpenSSH\;D:\mysql-8.0.15-winx64\bin;D:\Java\jdk1.8.0_111\bin;C:\Users\Administrator\AppData\Local\Microsoft\WindowsApps;;D:\eclipse2019;;.] 
2020-06-04 11:03:26.241 INFO   o.a.c.c.C.[Tomcat].[localhost].[/] - Initializing Spring embedded WebApplicationContext 
2020-06-04 11:03:26.241 INFO   o.s.web.context.ContextLoader - Root WebApplicationContext: initialization completed in 765 ms 
2020-06-04 11:03:26.258 INFO   o.s.b.w.s.ServletRegistrationBean - Servlet dispatcherServlet mapped to [/] 
2020-06-04 11:03:26.262 INFO   o.s.b.w.s.FilterRegistrationBean - Mapping filter: 'characterEncodingFilter' to: [/*] 
2020-06-04 11:03:26.263 INFO   o.s.b.w.s.FilterRegistrationBean - Mapping filter: 'hiddenHttpMethodFilter' to: [/*] 
2020-06-04 11:03:26.263 INFO   o.s.b.w.s.FilterRegistrationBean - Mapping filter: 'formContentFilter' to: [/*] 
2020-06-04 11:03:26.263 INFO   o.s.b.w.s.FilterRegistrationBean - Mapping filter: 'requestContextFilter' to: [/*] 
2020-06-04 11:03:26.396 INFO   o.s.s.c.ThreadPoolTaskExecutor - Initializing ExecutorService 'applicationTaskExecutor' 
2020-06-04 11:03:26.482 INFO   o.s.b.a.w.s.WelcomePageHandlerMapping - Adding welcome page template: index 
2020-06-04 11:03:26.535 INFO   o.a.coyote.http11.Http11NioProtocol - Starting ProtocolHandler ["http-nio-8088"] 
2020-06-04 11:03:26.541 INFO   o.a.tomcat.util.net.NioSelectorPool - Using a shared selector for servlet write/read 
2020-06-04 11:03:26.551 INFO   o.s.b.w.e.tomcat.TomcatWebServer - Tomcat started on port(s): 8088 (http) with context path '' 
2020-06-04 11:03:26.554 INFO   c.g.expense.ExpenseApplication - Started ExpenseApplication in 1.337 seconds (JVM running for 2.068) 
2020-06-04 11:03:52.535 INFO   o.a.c.c.C.[Tomcat].[localhost].[/] - Initializing Spring DispatcherServlet 'dispatcherServlet' 
2020-06-04 11:03:52.536 INFO   o.s.web.servlet.DispatcherServlet - Initializing Servlet 'dispatcherServlet' 
2020-06-04 11:03:52.539 INFO   o.s.web.servlet.DispatcherServlet - Completed initialization in 3 ms 
2020-06-04 11:09:06.203 ERROR  org.thymeleaf.TemplateEngine - [THYMELEAF][http-nio-8088-exec-1] Exception processing template "index": An error happened during template parsing (template: "class path resource [templates/index.html]") 
org.thymeleaf.exceptions.TemplateInputException: An error happened during template parsing (template: "class path resource [templates/index.html]")
	at org.thymeleaf.templateparser.markup.AbstractMarkupTemplateParser.parse(AbstractMarkupTemplateParser.java:241)
	at org.thymeleaf.templateparser.markup.AbstractMarkupTemplateParser.parseStandalone(AbstractMarkupTemplateParser.java:100)
	at org.thymeleaf.engine.TemplateManager.parseAndProcess(TemplateManager.java:666)
	at org.thymeleaf.TemplateEngine.process(TemplateEngine.java:1098)
	at org.thymeleaf.TemplateEngine.process(TemplateEngine.java:1072)
	at org.thymeleaf.spring5.view.ThymeleafView.renderFragment(ThymeleafView.java:362)
	at org.thymeleaf.spring5.view.ThymeleafView.render(ThymeleafView.java:189)
	at org.springframework.web.servlet.DispatcherServlet.render(DispatcherServlet.java:1370)
	at org.springframework.web.servlet.DispatcherServlet.processDispatchResult(DispatcherServlet.java:1116)
	at org.springframework.web.servlet.DispatcherServlet.doDispatch(DispatcherServlet.java:1055)
	at org.springframework.web.servlet.DispatcherServlet.doService(DispatcherServlet.java:942)
	at org.springframework.web.servlet.FrameworkServlet.processRequest(FrameworkServlet.java:998)
	at org.springframework.web.servlet.FrameworkServlet.doGet(FrameworkServlet.java:890)
	at javax.servlet.http.HttpServlet.service(HttpServlet.java:634)
	at org.springframework.web.servlet.FrameworkServlet.service(FrameworkServlet.java:875)
	at javax.servlet.http.HttpServlet.service(HttpServlet.java:741)
	at org.apache.catalina.core.ApplicationFilterChain.internalDoFilter(ApplicationFilterChain.java:231)
	at org.apache.catalina.core.ApplicationFilterChain.doFilter(ApplicationFilterChain.java:166)
	at org.apache.tomcat.websocket.server.WsFilter.doFilter(WsFilter.java:53)
	at org.apache.catalina.core.ApplicationFilterChain.internalDoFilter(ApplicationFilterChain.java:193)
	at org.apache.catalina.core.ApplicationFilterChain.doFilter(ApplicationFilterChain.java:166)
	at org.springframework.web.filter.RequestContextFilter.doFilterInternal(RequestContextFilter.java:99)
	at org.springframework.web.filter.OncePerRequestFilter.doFilter(OncePerRequestFilter.java:107)
	at org.apache.catalina.core.ApplicationFilterChain.internalDoFilter(ApplicationFilterChain.java:193)
	at org.apache.catalina.core.ApplicationFilterChain.doFilter(ApplicationFilterChain.java:166)
	at org.springframework.web.filter.FormContentFilter.doFilterInternal(FormContentFilter.java:92)
	at org.springframework.web.filter.OncePerRequestFilter.doFilter(OncePerRequestFilter.java:107)
	at org.apache.catalina.core.ApplicationFilterChain.internalDoFilter(ApplicationFilterChain.java:193)
	at org.apache.catalina.core.ApplicationFilterChain.doFilter(ApplicationFilterChain.java:166)
	at org.springframework.web.filter.HiddenHttpMethodFilter.doFilterInternal(HiddenHttpMethodFilter.java:93)
	at org.springframework.web.filter.OncePerRequestFilter.doFilter(OncePerRequestFilter.java:107)
	at org.apache.catalina.core.ApplicationFilterChain.internalDoFilter(ApplicationFilterChain.java:193)
	at org.apache.catalina.core.ApplicationFilterChain.doFilter(ApplicationFilterChain.java:166)
	at org.springframework.web.filter.CharacterEncodingFilter.doFilterInternal(CharacterEncodingFilter.java:200)
	at org.springframework.web.filter.OncePerRequestFilter.doFilter(OncePerRequestFilter.java:107)
	at org.apache.catalina.core.ApplicationFilterChain.internalDoFilter(ApplicationFilterChain.java:193)
	at org.apache.catalina.core.ApplicationFilterChain.doFilter(ApplicationFilterChain.java:166)
	at org.apache.catalina.core.StandardWrapperValve.invoke(StandardWrapperValve.java:199)
	at org.apache.catalina.core.StandardContextValve.invoke(StandardContextValve.java:96)
	at org.apache.catalina.authenticator.AuthenticatorBase.invoke(AuthenticatorBase.java:490)
	at org.apache.catalina.core.StandardHostValve.invoke(StandardHostValve.java:139)
	at org.apache.catalina.valves.ErrorReportValve.invoke(ErrorReportValve.java:92)
	at org.apache.catalina.core.StandardEngineValve.invoke(StandardEngineValve.java:74)
	at org.apache.catalina.connector.CoyoteAdapter.service(CoyoteAdapter.java:343)
	at org.apache.coyote.http11.Http11Processor.service(Http11Processor.java:408)
	at org.apache.coyote.AbstractProcessorLight.process(AbstractProcessorLight.java:66)
	at org.apache.coyote.AbstractProtocol$ConnectionHandler.process(AbstractProtocol.java:770)
	at org.apache.tomcat.util.net.NioEndpoint$SocketProcessor.doRun(NioEndpoint.java:1415)
	at org.apache.tomcat.util.net.SocketProcessorBase.run(SocketProcessorBase.java:49)
	at java.util.concurrent.ThreadPoolExecutor.runWorker(ThreadPoolExecutor.java:1142)
	at java.util.concurrent.ThreadPoolExecutor$Worker.run(ThreadPoolExecutor.java:617)
	at org.apache.tomcat.util.threads.TaskThread$WrappingRunnable.run(TaskThread.java:61)
	at java.lang.Thread.run(Thread.java:745)
Caused by: org.attoparser.ParseException: Could not parse as expression: "年：${year}" (template: "index" - line 10, col 8)
	at org.attoparser.MarkupParser.parseDocument(MarkupParser.java:393)
	at org.attoparser.MarkupParser.parse(MarkupParser.java:257)
	at org.thymeleaf.templateparser.markup.AbstractMarkupTemplateParser.parse(AbstractMarkupTemplateParser.java:230)
	... 52 common frames omitted
Caused by: org.thymeleaf.exceptions.TemplateProcessingException: Could not parse as expression: "年：${year}" (template: "index" - line 10, col 8)
	at org.thymeleaf.standard.expression.StandardExpressionParser.parseExpression(StandardExpressionParser.java:131)
	at org.thymeleaf.standard.expression.StandardExpressionParser.parseExpression(StandardExpressionParser.java:62)
	at org.thymeleaf.standard.expression.StandardExpressionParser.parseExpression(StandardExpressionParser.java:44)
	at org.thymeleaf.engine.EngineEventUtils.parseAttributeExpression(EngineEventUtils.java:220)
	at org.thymeleaf.engine.EngineEventUtils.computeAttributeExpression(EngineEventUtils.java:207)
	at org.thymeleaf.standard.processor.AbstractStandardExpressionAttributeTagProcessor.doProcess(AbstractStandardExpressionAttributeTagProcessor.java:125)
	at org.thymeleaf.processor.element.AbstractAttributeTagProcessor.doProcess(AbstractAttributeTagProcessor.java:74)
	at org.thymeleaf.processor.element.AbstractElementTagProcessor.process(AbstractElementTagProcessor.java:95)
	at org.thymeleaf.util.ProcessorConfigurationUtils$ElementTagProcessorWrapper.process(ProcessorConfigurationUtils.java:633)
	at org.thymeleaf.engine.ProcessorTemplateHandler.handleOpenElement(ProcessorTemplateHandler.java:1314)
	at org.thymeleaf.engine.TemplateHandlerAdapterMarkupHandler.handleOpenElementEnd(TemplateHandlerAdapterMarkupHandler.java:304)
	at org.thymeleaf.templateparser.markup.InlinedOutputExpressionMarkupHandler$InlineMarkupAdapterPreProcessorHandler.handleOpenElementEnd(InlinedOutputExpressionMarkupHandler.java:278)
	at org.thymeleaf.standard.inline.OutputExpressionInlinePreProcessorHandler.handleOpenElementEnd(OutputExpressionInlinePreProcessorHandler.java:186)
	at org.thymeleaf.templateparser.markup.InlinedOutputExpressionMarkupHandler.handleOpenElementEnd(InlinedOutputExpressionMarkupHandler.java:124)
	at org.attoparser.HtmlElement.handleOpenElementEnd(HtmlElement.java:109)
	at org.attoparser.HtmlMarkupHandler.handleOpenElementEnd(HtmlMarkupHandler.java:297)
	at org.attoparser.MarkupEventProcessorHandler.handleOpenElementEnd(MarkupEventProcessorHandler.java:402)
	at org.attoparser.ParsingElementMarkupUtil.parseOpenElement(ParsingElementMarkupUtil.java:159)
	at org.attoparser.MarkupParser.parseBuffer(MarkupParser.java:710)
	at org.attoparser.MarkupParser.parseDocument(MarkupParser.java:301)
	... 54 common frames omitted
2020-06-04 11:09:06.205 ERROR  o.a.c.c.C.[.[.[.[dispatcherServlet] - Servlet.service() for servlet [dispatcherServlet] in context with path [] threw exception [Request processing failed; nested exception is org.thymeleaf.exceptions.TemplateInputException: An error happened during template parsing (template: "class path resource [templates/index.html]")] with root cause 
org.thymeleaf.exceptions.TemplateProcessingException: Could not parse as expression: "年：${year}" (template: "index" - line 10, col 8)
	at org.thymeleaf.standard.expression.StandardExpressionParser.parseExpression(StandardExpressionParser.java:131)
	at org.thymeleaf.standard.expression.StandardExpressionParser.parseExpression(StandardExpressionParser.java:62)
	at org.thymeleaf.standard.expression.StandardExpressionParser.parseExpression(StandardExpressionParser.java:44)
	at org.thymeleaf.engine.EngineEventUtils.parseAttributeExpression(EngineEventUtils.java:220)
	at org.thymeleaf.engine.EngineEventUtils.computeAttributeExpression(EngineEventUtils.java:207)
	at org.thymeleaf.standard.processor.AbstractStandardExpressionAttributeTagProcessor.doProcess(AbstractStandardExpressionAttributeTagProcessor.java:125)
	at org.thymeleaf.processor.element.AbstractAttributeTagProcessor.doProcess(AbstractAttributeTagProcessor.java:74)
	at org.thymeleaf.processor.element.AbstractElementTagProcessor.process(AbstractElementTagProcessor.java:95)
	at org.thymeleaf.util.ProcessorConfigurationUtils$ElementTagProcessorWrapper.process(ProcessorConfigurationUtils.java:633)
	at org.thymeleaf.engine.ProcessorTemplateHandler.handleOpenElement(ProcessorTemplateHandler.java:1314)
	at org.thymeleaf.engine.TemplateHandlerAdapterMarkupHandler.handleOpenElementEnd(TemplateHandlerAdapterMarkupHandler.java:304)
	at org.thymeleaf.templateparser.markup.InlinedOutputExpressionMarkupHandler$InlineMarkupAdapterPreProcessorHandler.handleOpenElementEnd(InlinedOutputExpressionMarkupHandler.java:278)
	at org.thymeleaf.standard.inline.OutputExpressionInlinePreProcessorHandler.handleOpenElementEnd(OutputExpressionInlinePreProcessorHandler.java:186)
	at org.thymeleaf.templateparser.markup.InlinedOutputExpressionMarkupHandler.handleOpenElementEnd(InlinedOutputExpressionMarkupHandler.java:124)
	at org.attoparser.HtmlElement.handleOpenElementEnd(HtmlElement.java:109)
	at org.attoparser.HtmlMarkupHandler.handleOpenElementEnd(HtmlMarkupHandler.java:297)
	at org.attoparser.MarkupEventProcessorHandler.handleOpenElementEnd(MarkupEventProcessorHandler.java:402)
	at org.attoparser.ParsingElementMarkupUtil.parseOpenElement(ParsingElementMarkupUtil.java:159)
	at org.attoparser.MarkupParser.parseBuffer(MarkupParser.java:710)
	at org.attoparser.MarkupParser.parseDocument(MarkupParser.java:301)
	at org.attoparser.MarkupParser.parse(MarkupParser.java:257)
	at org.thymeleaf.templateparser.markup.AbstractMarkupTemplateParser.parse(AbstractMarkupTemplateParser.java:230)
	at org.thymeleaf.templateparser.markup.AbstractMarkupTemplateParser.parseStandalone(AbstractMarkupTemplateParser.java:100)
	at org.thymeleaf.engine.TemplateManager.parseAndProcess(TemplateManager.java:666)
	at org.thymeleaf.TemplateEngine.process(TemplateEngine.java:1098)
	at org.thymeleaf.TemplateEngine.process(TemplateEngine.java:1072)
	at org.thymeleaf.spring5.view.ThymeleafView.renderFragment(ThymeleafView.java:362)
	at org.thymeleaf.spring5.view.ThymeleafView.render(ThymeleafView.java:189)
	at org.springframework.web.servlet.DispatcherServlet.render(DispatcherServlet.java:1370)
	at org.springframework.web.servlet.DispatcherServlet.processDispatchResult(DispatcherServlet.java:1116)
	at org.springframework.web.servlet.DispatcherServlet.doDispatch(DispatcherServlet.java:1055)
	at org.springframework.web.servlet.DispatcherServlet.doService(DispatcherServlet.java:942)
	at org.springframework.web.servlet.FrameworkServlet.processRequest(FrameworkServlet.java:998)
	at org.springframework.web.servlet.FrameworkServlet.doGet(FrameworkServlet.java:890)
	at javax.servlet.http.HttpServlet.service(HttpServlet.java:634)
	at org.springframework.web.servlet.FrameworkServlet.service(FrameworkServlet.java:875)
	at javax.servlet.http.HttpServlet.service(HttpServlet.java:741)
	at org.apache.catalina.core.ApplicationFilterChain.internalDoFilter(ApplicationFilterChain.java:231)
	at org.apache.catalina.core.ApplicationFilterChain.doFilter(ApplicationFilterChain.java:166)
	at org.apache.tomcat.websocket.server.WsFilter.doFilter(WsFilter.java:53)
	at org.apache.catalina.core.ApplicationFilterChain.internalDoFilter(ApplicationFilterChain.java:193)
	at org.apache.catalina.core.ApplicationFilterChain.doFilter(ApplicationFilterChain.java:166)
	at org.springframework.web.filter.RequestContextFilter.doFilterInternal(RequestContextFilter.java:99)
	at org.springframework.web.filter.OncePerRequestFilter.doFilter(OncePerRequestFilter.java:107)
	at org.apache.catalina.core.ApplicationFilterChain.internalDoFilter(ApplicationFilterChain.java:193)
	at org.apache.catalina.core.ApplicationFilterChain.doFilter(ApplicationFilterChain.java:166)
	at org.springframework.web.filter.FormContentFilter.doFilterInternal(FormContentFilter.java:92)
	at org.springframework.web.filter.OncePerRequestFilter.doFilter(OncePerRequestFilter.java:107)
	at org.apache.catalina.core.ApplicationFilterChain.internalDoFilter(ApplicationFilterChain.java:193)
	at org.apache.catalina.core.ApplicationFilterChain.doFilter(ApplicationFilterChain.java:166)
	at org.springframework.web.filter.HiddenHttpMethodFilter.doFilterInternal(HiddenHttpMethodFilter.java:93)
	at org.springframework.web.filter.OncePerRequestFilter.doFilter(OncePerRequestFilter.java:107)
	at org.apache.catalina.core.ApplicationFilterChain.internalDoFilter(ApplicationFilterChain.java:193)
	at org.apache.catalina.core.ApplicationFilterChain.doFilter(ApplicationFilterChain.java:166)
	at org.springframework.web.filter.CharacterEncodingFilter.doFilterInternal(CharacterEncodingFilter.java:200)
	at org.springframework.web.filter.OncePerRequestFilter.doFilter(OncePerRequestFilter.java:107)
	at org.apache.catalina.core.ApplicationFilterChain.internalDoFilter(ApplicationFilterChain.java:193)
	at org.apache.catalina.core.ApplicationFilterChain.doFilter(ApplicationFilterChain.java:166)
	at org.apache.catalina.core.StandardWrapperValve.invoke(StandardWrapperValve.java:199)
	at org.apache.catalina.core.StandardContextValve.invoke(StandardContextValve.java:96)
	at org.apache.catalina.authenticator.AuthenticatorBase.invoke(AuthenticatorBase.java:490)
	at org.apache.catalina.core.StandardHostValve.invoke(StandardHostValve.java:139)
	at org.apache.catalina.valves.ErrorReportValve.invoke(ErrorReportValve.java:92)
	at org.apache.catalina.core.StandardEngineValve.invoke(StandardEngineValve.java:74)
	at org.apache.catalina.connector.CoyoteAdapter.service(CoyoteAdapter.java:343)
	at org.apache.coyote.http11.Http11Processor.service(Http11Processor.java:408)
	at org.apache.coyote.AbstractProcessorLight.process(AbstractProcessorLight.java:66)
	at org.apache.coyote.AbstractProtocol$ConnectionHandler.process(AbstractProtocol.java:770)
	at org.apache.tomcat.util.net.NioEndpoint$SocketProcessor.doRun(NioEndpoint.java:1415)
	at org.apache.tomcat.util.net.SocketProcessorBase.run(SocketProcessorBase.java:49)
	at java.util.concurrent.ThreadPoolExecutor.runWorker(ThreadPoolExecutor.java:1142)
	at java.util.concurrent.ThreadPoolExecutor$Worker.run(ThreadPoolExecutor.java:617)
	at org.apache.tomcat.util.threads.TaskThread$WrappingRunnable.run(TaskThread.java:61)
	at java.lang.Thread.run(Thread.java:745)
2020-06-04 11:11:51.367 INFO   o.s.b.a.SpringApplicationAdminMXBeanRegistrar$SpringApplicationAdmin - Application shutdown requested. 
2020-06-04 11:11:51.370 INFO   o.s.s.c.ThreadPoolTaskExecutor - Shutting down ExecutorService 'applicationTaskExecutor' 
2020-06-04 11:11:58.349 INFO   c.g.expense.ExpenseApplication - Starting ExpenseApplication on XTZ-01905221424 with PID 6788 (E:\expense\target\classes started by Administrator in E:\expense) 
2020-06-04 11:11:58.351 INFO   c.g.expense.ExpenseApplication - No active profile set, falling back to default profiles: default 
2020-06-04 11:11:58.990 INFO   o.s.b.w.e.tomcat.TomcatWebServer - Tomcat initialized with port(s): 8088 (http) 
2020-06-04 11:11:58.998 INFO   o.a.coyote.http11.Http11NioProtocol - Initializing ProtocolHandler ["http-nio-8088"] 
2020-06-04 11:11:59.001 INFO   o.a.catalina.core.StandardService - Starting service [Tomcat] 
2020-06-04 11:11:59.001 INFO   o.a.catalina.core.StandardEngine - Starting Servlet Engine: Apache Tomcat/9.0.12 
2020-06-04 11:11:59.005 INFO   o.a.c.core.AprLifecycleListener - The APR based Apache Tomcat Native library which allows optimal performance in production environments was not found on the java.library.path: [D:\Java\jdk1.8.0_111\bin;C:\WINDOWS\Sun\Java\bin;C:\WINDOWS\system32;C:\WINDOWS;D:/Java/jre.1.8.0_111/bin/server;D:/Java/jre.1.8.0_111/bin;D:/Java/jre.1.8.0_111/lib/amd64;C:\ProgramData\Oracle\Java\javapath;C:\WINDOWS\system32;C:\WINDOWS;C:\WINDOWS\System32\Wbem;C:\WINDOWS\System32\WindowsPowerShell\v1.0\;D:\apache-maven-3.5.0\bin;C:\WINDOWS\System32\OpenSSH\;D:\mysql-8.0.15-winx64\bin;D:\Java\jdk1.8.0_111\bin;C:\Users\Administrator\AppData\Local\Microsoft\WindowsApps;;D:\eclipse2019;;.] 
2020-06-04 11:11:59.066 INFO   o.a.c.c.C.[Tomcat].[localhost].[/] - Initializing Spring embedded WebApplicationContext 
2020-06-04 11:11:59.066 INFO   o.s.web.context.ContextLoader - Root WebApplicationContext: initialization completed in 691 ms 
2020-06-04 11:11:59.080 INFO   o.s.b.w.s.ServletRegistrationBean - Servlet dispatcherServlet mapped to [/] 
2020-06-04 11:11:59.083 INFO   o.s.b.w.s.FilterRegistrationBean - Mapping filter: 'characterEncodingFilter' to: [/*] 
2020-06-04 11:11:59.084 INFO   o.s.b.w.s.FilterRegistrationBean - Mapping filter: 'hiddenHttpMethodFilter' to: [/*] 
2020-06-04 11:11:59.084 INFO   o.s.b.w.s.FilterRegistrationBean - Mapping filter: 'formContentFilter' to: [/*] 
2020-06-04 11:11:59.084 INFO   o.s.b.w.s.FilterRegistrationBean - Mapping filter: 'requestContextFilter' to: [/*] 
2020-06-04 11:11:59.210 INFO   o.s.s.c.ThreadPoolTaskExecutor - Initializing ExecutorService 'applicationTaskExecutor' 
2020-06-04 11:11:59.287 INFO   o.s.b.a.w.s.WelcomePageHandlerMapping - Adding welcome page template: index 
2020-06-04 11:11:59.332 INFO   o.a.coyote.http11.Http11NioProtocol - Starting ProtocolHandler ["http-nio-8088"] 
2020-06-04 11:11:59.338 INFO   o.a.tomcat.util.net.NioSelectorPool - Using a shared selector for servlet write/read 
2020-06-04 11:11:59.349 INFO   o.s.b.w.e.tomcat.TomcatWebServer - Tomcat started on port(s): 8088 (http) with context path '' 
2020-06-04 11:11:59.351 INFO   c.g.expense.ExpenseApplication - Started ExpenseApplication in 1.225 seconds (JVM running for 1.929) 
2020-06-04 11:12:10.007 INFO   o.a.c.c.C.[Tomcat].[localhost].[/] - Initializing Spring DispatcherServlet 'dispatcherServlet' 
2020-06-04 11:12:10.007 INFO   o.s.web.servlet.DispatcherServlet - Initializing Servlet 'dispatcherServlet' 
2020-06-04 11:12:10.011 INFO   o.s.web.servlet.DispatcherServlet - Completed initialization in 3 ms 
2020-06-04 11:12:10.073 INFO   c.g.expense.service.ShowHandler - {"monthTotal":{"05":4900,"06":8},"yearTotal":4908} 
2020-06-04 11:12:55.220 INFO   o.s.b.a.SpringApplicationAdminMXBeanRegistrar$SpringApplicationAdmin - Application shutdown requested. 
2020-06-04 11:12:55.222 INFO   o.s.s.c.ThreadPoolTaskExecutor - Shutting down ExecutorService 'applicationTaskExecutor' 
2020-06-04 11:13:02.278 INFO   c.g.expense.ExpenseApplication - Starting ExpenseApplication on XTZ-01905221424 with PID 2108 (E:\expense\target\classes started by Administrator in E:\expense) 
2020-06-04 11:13:02.282 INFO   c.g.expense.ExpenseApplication - No active profile set, falling back to default profiles: default 
2020-06-04 11:13:03.203 INFO   o.s.b.w.e.tomcat.TomcatWebServer - Tomcat initialized with port(s): 8088 (http) 
2020-06-04 11:13:03.213 INFO   o.a.coyote.http11.Http11NioProtocol - Initializing ProtocolHandler ["http-nio-8088"] 
2020-06-04 11:13:03.216 INFO   o.a.catalina.core.StandardService - Starting service [Tomcat] 
2020-06-04 11:13:03.216 INFO   o.a.catalina.core.StandardEngine - Starting Servlet Engine: Apache Tomcat/9.0.12 
2020-06-04 11:13:03.223 INFO   o.a.c.core.AprLifecycleListener - The APR based Apache Tomcat Native library which allows optimal performance in production environments was not found on the java.library.path: [D:\Java\jdk1.8.0_111\bin;C:\WINDOWS\Sun\Java\bin;C:\WINDOWS\system32;C:\WINDOWS;D:\Java\jdk1.8.0_111\jre\bin;D:/Java/jre.1.8.0_111/bin/server;D:/Java/jre.1.8.0_111/bin;D:/Java/jre.1.8.0_111/lib/amd64;C:\ProgramData\Oracle\Java\javapath;C:\WINDOWS\system32;C:\WINDOWS;C:\WINDOWS\System32\Wbem;C:\WINDOWS\System32\WindowsPowerShell\v1.0\;D:\apache-maven-3.5.0\bin;C:\WINDOWS\System32\OpenSSH\;D:\mysql-8.0.15-winx64\bin;D:\Java\jdk1.8.0_111\bin;C:\Users\Administrator\AppData\Local\Microsoft\WindowsApps;;D:\eclipse2019;;.] 
2020-06-04 11:13:03.298 INFO   o.a.c.c.C.[Tomcat].[localhost].[/] - Initializing Spring embedded WebApplicationContext 
2020-06-04 11:13:03.298 INFO   o.s.web.context.ContextLoader - Root WebApplicationContext: initialization completed in 979 ms 
2020-06-04 11:13:03.320 INFO   o.s.b.w.s.ServletRegistrationBean - Servlet dispatcherServlet mapped to [/] 
2020-06-04 11:13:03.324 INFO   o.s.b.w.s.FilterRegistrationBean - Mapping filter: 'characterEncodingFilter' to: [/*] 
2020-06-04 11:13:03.324 INFO   o.s.b.w.s.FilterRegistrationBean - Mapping filter: 'hiddenHttpMethodFilter' to: [/*] 
2020-06-04 11:13:03.324 INFO   o.s.b.w.s.FilterRegistrationBean - Mapping filter: 'formContentFilter' to: [/*] 
2020-06-04 11:13:03.324 INFO   o.s.b.w.s.FilterRegistrationBean - Mapping filter: 'requestContextFilter' to: [/*] 
2020-06-04 11:13:03.496 INFO   o.s.s.c.ThreadPoolTaskExecutor - Initializing ExecutorService 'applicationTaskExecutor' 
2020-06-04 11:13:03.625 INFO   o.s.b.a.w.s.WelcomePageHandlerMapping - Adding welcome page template: index 
2020-06-04 11:13:03.676 INFO   o.a.coyote.http11.Http11NioProtocol - Starting ProtocolHandler ["http-nio-8088"] 
2020-06-04 11:13:03.684 INFO   o.a.tomcat.util.net.NioSelectorPool - Using a shared selector for servlet write/read 
2020-06-04 11:13:03.702 INFO   o.s.b.w.e.tomcat.TomcatWebServer - Tomcat started on port(s): 8088 (http) with context path '' 
2020-06-04 11:13:03.707 INFO   c.g.expense.ExpenseApplication - Started ExpenseApplication in 1.753 seconds (JVM running for 2.752) 
2020-06-04 11:13:07.431 INFO   o.a.c.c.C.[Tomcat].[localhost].[/] - Initializing Spring DispatcherServlet 'dispatcherServlet' 
2020-06-04 11:13:07.432 INFO   o.s.web.servlet.DispatcherServlet - Initializing Servlet 'dispatcherServlet' 
2020-06-04 11:13:07.436 INFO   o.s.web.servlet.DispatcherServlet - Completed initialization in 4 ms 
2020-06-04 11:13:15.720 INFO   c.g.expense.service.ShowHandler - {"monthTotal":{"05":4900,"06":8},"yearTotal":4908} 
2020-06-04 11:15:06.109 INFO   c.g.expense.service.ShowHandler - {"monthTotal":{"05":4900,"06":8},"yearTotal":4908} 
2020-06-04 11:16:11.550 INFO   c.g.expense.service.ShowHandler - {"monthTotal":{"05":4900,"06":8},"yearTotal":4908} 
2020-06-04 11:16:26.124 INFO   c.g.expense.service.ShowHandler - {"monthTotal":{"05":4900,"06":8},"yearTotal":4908} 
2020-06-04 11:16:44.210 INFO   c.g.expense.service.ShowHandler - {"monthTotal":{"05":4900,"06":8},"yearTotal":4908} 
2020-06-04 11:17:56.895 INFO   c.g.expense.service.ShowHandler - {"monthTotal":{"05":4900,"06":8},"yearTotal":4908} 
2020-06-04 11:19:07.692 INFO   c.g.expense.service.ShowHandler - {"monthTotal":{"05":4900,"06":8},"yearTotal":4908} 
2020-06-04 11:20:02.281 INFO   c.g.expense.service.ShowHandler - {"monthTotal":{"05":4900,"06":8},"yearTotal":4908} 
2020-06-04 11:20:55.073 INFO   c.g.expense.service.ShowHandler - {"monthTotal":{"05":4900,"06":8},"yearTotal":4908} 
2020-06-04 11:21:24.863 INFO   c.g.expense.service.ShowHandler - {"monthTotal":{"05":4900,"06":8},"yearTotal":4908} 
2020-06-04 11:27:39.450 INFO   c.g.expense.service.ShowHandler - {"monthTotal":{"05":4900,"06":8},"yearTotal":4908} 
2020-06-04 11:27:41.272 INFO   c.g.expense.service.ShowHandler - {"monthTotal":{"05":4900,"06":8},"yearTotal":4908} 
2020-06-04 11:27:41.459 INFO   c.g.expense.service.ShowHandler - {"monthTotal":{"05":4900,"06":8},"yearTotal":4908} 
2020-06-04 11:27:41.841 INFO   c.g.expense.service.ShowHandler - {"monthTotal":{"05":4900,"06":8},"yearTotal":4908} 
2020-06-04 11:27:42.038 INFO   c.g.expense.service.ShowHandler - {"monthTotal":{"05":4900,"06":8},"yearTotal":4908} 
2020-06-04 11:27:42.209 INFO   c.g.expense.service.ShowHandler - {"monthTotal":{"05":4900,"06":8},"yearTotal":4908} 
2020-06-04 11:27:44.017 INFO   c.g.expense.service.ShowHandler - {"monthTotal":{"05":4900,"06":8},"yearTotal":4908} 
2020-06-04 11:29:30.696 INFO   c.g.expense.service.ShowHandler - {"monthTotal":{"05":4900,"06":8},"yearTotal":4908} 
2020-06-04 11:29:44.139 INFO   c.g.expense.service.ShowHandler - {"monthTotal":{"05":4900,"06":8},"yearTotal":4908} 
2020-06-04 11:29:45.420 INFO   c.g.expense.service.ShowHandler - {"monthTotal":{"05":4900,"06":8},"yearTotal":4908} 
2020-06-04 11:30:16.821 INFO   c.g.expense.service.ShowHandler - {"monthTotal":{"05":4900,"06":9},"yearTotal":4909} 
2020-06-04 11:30:18.068 INFO   c.g.expense.service.ShowHandler - {"monthTotal":{"05":4900,"06":9},"yearTotal":4909} 
2020-06-04 14:14:26.384 INFO   o.s.b.a.SpringApplicationAdminMXBeanRegistrar$SpringApplicationAdmin - Application shutdown requested. 
2020-06-04 14:14:26.386 INFO   o.s.s.c.ThreadPoolTaskExecutor - Shutting down ExecutorService 'applicationTaskExecutor' 
