2020-06-03 10:28:05.572 INFO   c.g.expense.ExpenseApplication - Starting ExpenseApplication on XTZ-01905221424 with PID 12648 (E:\expense\target\classes started by Administrator in E:\expense) 
2020-06-03 10:28:05.576 INFO   c.g.expense.ExpenseApplication - No active profile set, falling back to default profiles: default 
2020-06-03 10:28:06.244 INFO   o.s.b.w.e.tomcat.TomcatWebServer - Tomcat initialized with port(s): 8088 (http) 
2020-06-03 10:28:06.253 INFO   o.a.coyote.http11.Http11NioProtocol - Initializing ProtocolHandler ["http-nio-8088"] 
2020-06-03 10:28:06.256 INFO   o.a.catalina.core.StandardService - Starting service [Tomcat] 
2020-06-03 10:28:06.257 INFO   o.a.catalina.core.StandardEngine - Starting Servlet Engine: Apache Tomcat/9.0.12 
2020-06-03 10:28:06.262 INFO   o.a.c.core.AprLifecycleListener - The APR based Apache Tomcat Native library which allows optimal performance in production environments was not found on the java.library.path: [D:\Java\jdk1.8.0_111\bin;C:\WINDOWS\Sun\Java\bin;C:\WINDOWS\system32;C:\WINDOWS;D:/Java/jre.1.8.0_111/bin/server;D:/Java/jre.1.8.0_111/bin;D:/Java/jre.1.8.0_111/lib/amd64;C:\ProgramData\Oracle\Java\javapath;C:\WINDOWS\system32;C:\WINDOWS;C:\WINDOWS\System32\Wbem;C:\WINDOWS\System32\WindowsPowerShell\v1.0\;D:\apache-maven-3.5.0\bin;C:\WINDOWS\System32\OpenSSH\;D:\mysql-8.0.15-winx64\bin;D:\Java\jdk1.8.0_111\bin;C:\Users\Administrator\AppData\Local\Microsoft\WindowsApps;;D:\eclipse2019;;.] 
2020-06-03 10:28:06.325 INFO   o.a.c.c.C.[Tomcat].[localhost].[/] - Initializing Spring embedded WebApplicationContext 
2020-06-03 10:28:06.325 INFO   o.s.web.context.ContextLoader - Root WebApplicationContext: initialization completed in 723 ms 
2020-06-03 10:28:06.340 INFO   o.s.b.w.s.ServletRegistrationBean - Servlet dispatcherServlet mapped to [/] 
2020-06-03 10:28:06.343 INFO   o.s.b.w.s.FilterRegistrationBean - Mapping filter: 'characterEncodingFilter' to: [/*] 
2020-06-03 10:28:06.343 INFO   o.s.b.w.s.FilterRegistrationBean - Mapping filter: 'hiddenHttpMethodFilter' to: [/*] 
2020-06-03 10:28:06.343 INFO   o.s.b.w.s.FilterRegistrationBean - Mapping filter: 'formContentFilter' to: [/*] 
2020-06-03 10:28:06.343 INFO   o.s.b.w.s.FilterRegistrationBean - Mapping filter: 'requestContextFilter' to: [/*] 
2020-06-03 10:28:06.455 INFO   o.s.s.c.ThreadPoolTaskExecutor - Initializing ExecutorService 'applicationTaskExecutor' 
2020-06-03 10:28:06.534 INFO   o.s.b.a.w.s.WelcomePageHandlerMapping - Adding welcome page template: index 
2020-06-03 10:28:06.582 INFO   o.a.coyote.http11.Http11NioProtocol - Starting ProtocolHandler ["http-nio-8088"] 
2020-06-03 10:28:06.590 INFO   o.a.tomcat.util.net.NioSelectorPool - Using a shared selector for servlet write/read 
2020-06-03 10:28:06.601 INFO   o.s.b.w.e.tomcat.TomcatWebServer - Tomcat started on port(s): 8088 (http) with context path '' 
2020-06-03 10:28:06.603 INFO   c.g.expense.ExpenseApplication - Started ExpenseApplication in 1.256 seconds (JVM running for 1.914) 
2020-06-03 10:28:22.302 INFO   o.a.c.c.C.[Tomcat].[localhost].[/] - Initializing Spring DispatcherServlet 'dispatcherServlet' 
2020-06-03 10:28:22.302 INFO   o.s.web.servlet.DispatcherServlet - Initializing Servlet 'dispatcherServlet' 
2020-06-03 10:28:22.306 INFO   o.s.web.servlet.DispatcherServlet - Completed initialization in 4 ms 
2020-06-03 10:50:32.778 INFO   o.s.b.a.SpringApplicationAdminMXBeanRegistrar$SpringApplicationAdmin - Application shutdown requested. 
2020-06-03 10:50:32.780 INFO   o.s.s.c.ThreadPoolTaskExecutor - Shutting down ExecutorService 'applicationTaskExecutor' 
2020-06-03 14:51:17.949 INFO   o.s.b.t.c.SpringBootTestContextBootstrapper - Neither @ContextConfiguration nor @ContextHierarchy found for test class [com.gusangyuan.expense.ExpenseApplicationTests], using SpringBootContextLoader 
2020-06-03 14:51:17.954 INFO   o.s.t.c.s.AbstractContextLoader - Could not detect default resource locations for test class [com.gusangyuan.expense.ExpenseApplicationTests]: no resource found for suffixes {-context.xml, Context.groovy}. 
2020-06-03 14:51:17.955 INFO   o.s.t.c.s.AnnotationConfigContextLoaderUtils - Could not detect default configuration classes for test class [com.gusangyuan.expense.ExpenseApplicationTests]: ExpenseApplicationTests does not declare any static, non-private, non-final, nested classes annotated with @Configuration. 
2020-06-03 14:51:18.046 INFO   o.s.b.t.c.SpringBootTestContextBootstrapper - Found @SpringBootConfiguration com.gusangyuan.expense.ExpenseApplication for test class com.gusangyuan.expense.ExpenseApplicationTests 
2020-06-03 14:51:18.135 INFO   o.s.b.t.c.SpringBootTestContextBootstrapper - Loaded default TestExecutionListener class names from location [META-INF/spring.factories]: [org.springframework.boot.test.mock.mockito.MockitoTestExecutionListener, org.springframework.boot.test.mock.mockito.ResetMocksTestExecutionListener, org.springframework.boot.test.autoconfigure.restdocs.RestDocsTestExecutionListener, org.springframework.boot.test.autoconfigure.web.client.MockRestServiceServerResetTestExecutionListener, org.springframework.boot.test.autoconfigure.web.servlet.MockMvcPrintOnlyOnFailureTestExecutionListener, org.springframework.boot.test.autoconfigure.web.servlet.WebDriverTestExecutionListener, org.springframework.test.context.web.ServletTestExecutionListener, org.springframework.test.context.support.DirtiesContextBeforeModesTestExecutionListener, org.springframework.test.context.support.DependencyInjectionTestExecutionListener, org.springframework.test.context.support.DirtiesContextTestExecutionListener, org.springframework.test.context.transaction.TransactionalTestExecutionListener, org.springframework.test.context.jdbc.SqlScriptsTestExecutionListener] 
2020-06-03 14:51:18.145 INFO   o.s.b.t.c.SpringBootTestContextBootstrapper - Using TestExecutionListeners: [org.springframework.test.context.web.ServletTestExecutionListener@13b6aecc, org.springframework.test.context.support.DirtiesContextBeforeModesTestExecutionListener@158a8276, org.springframework.boot.test.mock.mockito.MockitoTestExecutionListener@3c3d9b6b, org.springframework.boot.test.autoconfigure.SpringBootDependencyInjectionTestExecutionListener@79d8407f, org.springframework.test.context.support.DirtiesContextTestExecutionListener@5fbe4146, org.springframework.boot.test.mock.mockito.ResetMocksTestExecutionListener@1e66f1f5, org.springframework.boot.test.autoconfigure.restdocs.RestDocsTestExecutionListener@4e50c791, org.springframework.boot.test.autoconfigure.web.client.MockRestServiceServerResetTestExecutionListener@7530ad9c, org.springframework.boot.test.autoconfigure.web.servlet.MockMvcPrintOnlyOnFailureTestExecutionListener@58a9760d, org.springframework.boot.test.autoconfigure.web.servlet.WebDriverTestExecutionListener@71e9ddb4] 
2020-06-03 14:51:18.449 INFO   c.g.expense.ExpenseApplicationTests - Starting ExpenseApplicationTests on XTZ-01905221424 with PID 12624 (started by Administrator in E:\expense) 
2020-06-03 14:51:18.450 INFO   c.g.expense.ExpenseApplicationTests - No active profile set, falling back to default profiles: default 
2020-06-03 14:51:19.827 INFO   o.s.s.c.ThreadPoolTaskExecutor - Initializing ExecutorService 'applicationTaskExecutor' 
2020-06-03 14:51:20.050 INFO   o.s.b.a.w.s.WelcomePageHandlerMapping - Adding welcome page template: index 
2020-06-03 14:51:20.176 INFO   c.g.expense.ExpenseApplicationTests - Started ExpenseApplicationTests in 1.987 seconds (JVM running for 2.859) 
2020-06-03 14:51:20.426 INFO   c.g.expense.ExpenseApplicationTests - E:\expense\files\2020 
2020-06-03 14:51:20.426 INFO   c.g.expense.ExpenseApplicationTests - E:\expense\files\2020 
2020-06-03 14:51:20.429 INFO   o.s.s.c.ThreadPoolTaskExecutor - Shutting down ExecutorService 'applicationTaskExecutor' 
2020-06-03 14:52:24.347 INFO   o.s.b.t.c.SpringBootTestContextBootstrapper - Neither @ContextConfiguration nor @ContextHierarchy found for test class [com.gusangyuan.expense.ExpenseApplicationTests], using SpringBootContextLoader 
2020-06-03 14:52:24.352 INFO   o.s.t.c.s.AbstractContextLoader - Could not detect default resource locations for test class [com.gusangyuan.expense.ExpenseApplicationTests]: no resource found for suffixes {-context.xml, Context.groovy}. 
2020-06-03 14:52:24.352 INFO   o.s.t.c.s.AnnotationConfigContextLoaderUtils - Could not detect default configuration classes for test class [com.gusangyuan.expense.ExpenseApplicationTests]: ExpenseApplicationTests does not declare any static, non-private, non-final, nested classes annotated with @Configuration. 
2020-06-03 14:52:24.443 INFO   o.s.b.t.c.SpringBootTestContextBootstrapper - Found @SpringBootConfiguration com.gusangyuan.expense.ExpenseApplication for test class com.gusangyuan.expense.ExpenseApplicationTests 
2020-06-03 14:52:24.520 INFO   o.s.b.t.c.SpringBootTestContextBootstrapper - Loaded default TestExecutionListener class names from location [META-INF/spring.factories]: [org.springframework.boot.test.mock.mockito.MockitoTestExecutionListener, org.springframework.boot.test.mock.mockito.ResetMocksTestExecutionListener, org.springframework.boot.test.autoconfigure.restdocs.RestDocsTestExecutionListener, org.springframework.boot.test.autoconfigure.web.client.MockRestServiceServerResetTestExecutionListener, org.springframework.boot.test.autoconfigure.web.servlet.MockMvcPrintOnlyOnFailureTestExecutionListener, org.springframework.boot.test.autoconfigure.web.servlet.WebDriverTestExecutionListener, org.springframework.test.context.web.ServletTestExecutionListener, org.springframework.test.context.support.DirtiesContextBeforeModesTestExecutionListener, org.springframework.test.context.support.DependencyInjectionTestExecutionListener, org.springframework.test.context.support.DirtiesContextTestExecutionListener, org.springframework.test.context.transaction.TransactionalTestExecutionListener, org.springframework.test.context.jdbc.SqlScriptsTestExecutionListener] 
2020-06-03 14:52:24.529 INFO   o.s.b.t.c.SpringBootTestContextBootstrapper - Using TestExecutionListeners: [org.springframework.test.context.web.ServletTestExecutionListener@13b6aecc, org.springframework.test.context.support.DirtiesContextBeforeModesTestExecutionListener@158a8276, org.springframework.boot.test.mock.mockito.MockitoTestExecutionListener@3c3d9b6b, org.springframework.boot.test.autoconfigure.SpringBootDependencyInjectionTestExecutionListener@79d8407f, org.springframework.test.context.support.DirtiesContextTestExecutionListener@5fbe4146, org.springframework.boot.test.mock.mockito.ResetMocksTestExecutionListener@1e66f1f5, org.springframework.boot.test.autoconfigure.restdocs.RestDocsTestExecutionListener@4e50c791, org.springframework.boot.test.autoconfigure.web.client.MockRestServiceServerResetTestExecutionListener@7530ad9c, org.springframework.boot.test.autoconfigure.web.servlet.MockMvcPrintOnlyOnFailureTestExecutionListener@58a9760d, org.springframework.boot.test.autoconfigure.web.servlet.WebDriverTestExecutionListener@71e9ddb4] 
2020-06-03 14:52:24.822 INFO   c.g.expense.ExpenseApplicationTests - Starting ExpenseApplicationTests on XTZ-01905221424 with PID 17724 (started by Administrator in E:\expense) 
2020-06-03 14:52:24.822 INFO   c.g.expense.ExpenseApplicationTests - No active profile set, falling back to default profiles: default 
2020-06-03 14:52:25.991 INFO   o.s.s.c.ThreadPoolTaskExecutor - Initializing ExecutorService 'applicationTaskExecutor' 
2020-06-03 14:52:26.197 INFO   o.s.b.a.w.s.WelcomePageHandlerMapping - Adding welcome page template: index 
2020-06-03 14:52:26.317 INFO   c.g.expense.ExpenseApplicationTests - Started ExpenseApplicationTests in 1.742 seconds (JVM running for 2.521) 
2020-06-03 14:52:26.530 INFO   c.g.expense.ExpenseApplicationTests - E:\expense\files\2020\05 
2020-06-03 14:52:26.530 INFO   c.g.expense.ExpenseApplicationTests - E:\expense\files\2020\06 
2020-06-03 14:52:26.535 INFO   o.s.s.c.ThreadPoolTaskExecutor - Shutting down ExecutorService 'applicationTaskExecutor' 
2020-06-03 15:05:57.921 INFO   o.s.b.t.c.SpringBootTestContextBootstrapper - Neither @ContextConfiguration nor @ContextHierarchy found for test class [com.gusangyuan.expense.ExpenseApplicationTests], using SpringBootContextLoader 
2020-06-03 15:05:57.927 INFO   o.s.t.c.s.AbstractContextLoader - Could not detect default resource locations for test class [com.gusangyuan.expense.ExpenseApplicationTests]: no resource found for suffixes {-context.xml, Context.groovy}. 
2020-06-03 15:05:57.927 INFO   o.s.t.c.s.AnnotationConfigContextLoaderUtils - Could not detect default configuration classes for test class [com.gusangyuan.expense.ExpenseApplicationTests]: ExpenseApplicationTests does not declare any static, non-private, non-final, nested classes annotated with @Configuration. 
2020-06-03 15:05:58.016 INFO   o.s.b.t.c.SpringBootTestContextBootstrapper - Found @SpringBootConfiguration com.gusangyuan.expense.ExpenseApplication for test class com.gusangyuan.expense.ExpenseApplicationTests 
2020-06-03 15:05:58.098 INFO   o.s.b.t.c.SpringBootTestContextBootstrapper - Loaded default TestExecutionListener class names from location [META-INF/spring.factories]: [org.springframework.boot.test.mock.mockito.MockitoTestExecutionListener, org.springframework.boot.test.mock.mockito.ResetMocksTestExecutionListener, org.springframework.boot.test.autoconfigure.restdocs.RestDocsTestExecutionListener, org.springframework.boot.test.autoconfigure.web.client.MockRestServiceServerResetTestExecutionListener, org.springframework.boot.test.autoconfigure.web.servlet.MockMvcPrintOnlyOnFailureTestExecutionListener, org.springframework.boot.test.autoconfigure.web.servlet.WebDriverTestExecutionListener, org.springframework.test.context.web.ServletTestExecutionListener, org.springframework.test.context.support.DirtiesContextBeforeModesTestExecutionListener, org.springframework.test.context.support.DependencyInjectionTestExecutionListener, org.springframework.test.context.support.DirtiesContextTestExecutionListener, org.springframework.test.context.transaction.TransactionalTestExecutionListener, org.springframework.test.context.jdbc.SqlScriptsTestExecutionListener] 
2020-06-03 15:05:58.108 INFO   o.s.b.t.c.SpringBootTestContextBootstrapper - Using TestExecutionListeners: [org.springframework.test.context.web.ServletTestExecutionListener@13b6aecc, org.springframework.test.context.support.DirtiesContextBeforeModesTestExecutionListener@158a8276, org.springframework.boot.test.mock.mockito.MockitoTestExecutionListener@3c3d9b6b, org.springframework.boot.test.autoconfigure.SpringBootDependencyInjectionTestExecutionListener@79d8407f, org.springframework.test.context.support.DirtiesContextTestExecutionListener@5fbe4146, org.springframework.boot.test.mock.mockito.ResetMocksTestExecutionListener@1e66f1f5, org.springframework.boot.test.autoconfigure.restdocs.RestDocsTestExecutionListener@4e50c791, org.springframework.boot.test.autoconfigure.web.client.MockRestServiceServerResetTestExecutionListener@7530ad9c, org.springframework.boot.test.autoconfigure.web.servlet.MockMvcPrintOnlyOnFailureTestExecutionListener@58a9760d, org.springframework.boot.test.autoconfigure.web.servlet.WebDriverTestExecutionListener@71e9ddb4] 
2020-06-03 15:05:58.370 INFO   c.g.expense.ExpenseApplicationTests - Starting ExpenseApplicationTests on XTZ-01905221424 with PID 3736 (started by Administrator in E:\expense) 
2020-06-03 15:05:58.370 INFO   c.g.expense.ExpenseApplicationTests - No active profile set, falling back to default profiles: default 
2020-06-03 15:05:59.502 INFO   o.s.s.c.ThreadPoolTaskExecutor - Initializing ExecutorService 'applicationTaskExecutor' 
2020-06-03 15:05:59.706 INFO   o.s.b.a.w.s.WelcomePageHandlerMapping - Adding welcome page template: index 
2020-06-03 15:05:59.820 INFO   c.g.expense.ExpenseApplicationTests - Started ExpenseApplicationTests in 1.671 seconds (JVM running for 2.453) 
2020-06-03 15:06:00.040 INFO   c.g.expense.ExpenseApplicationTests - 29.txt 
2020-06-03 15:06:00.040 INFO   c.g.expense.ExpenseApplicationTests - 30.txt 
2020-06-03 15:06:00.040 INFO   c.g.expense.ExpenseApplicationTests - 03.txt 
2020-06-03 15:06:00.045 INFO   o.s.s.c.ThreadPoolTaskExecutor - Shutting down ExecutorService 'applicationTaskExecutor' 
2020-06-03 15:10:39.968 INFO   o.s.b.t.c.SpringBootTestContextBootstrapper - Neither @ContextConfiguration nor @ContextHierarchy found for test class [com.gusangyuan.expense.ExpenseApplicationTests], using SpringBootContextLoader 
2020-06-03 15:10:39.978 INFO   o.s.t.c.s.AbstractContextLoader - Could not detect default resource locations for test class [com.gusangyuan.expense.ExpenseApplicationTests]: no resource found for suffixes {-context.xml, Context.groovy}. 
2020-06-03 15:10:39.979 INFO   o.s.t.c.s.AnnotationConfigContextLoaderUtils - Could not detect default configuration classes for test class [com.gusangyuan.expense.ExpenseApplicationTests]: ExpenseApplicationTests does not declare any static, non-private, non-final, nested classes annotated with @Configuration. 
2020-06-03 15:10:40.124 INFO   o.s.b.t.c.SpringBootTestContextBootstrapper - Found @SpringBootConfiguration com.gusangyuan.expense.ExpenseApplication for test class com.gusangyuan.expense.ExpenseApplicationTests 
2020-06-03 15:10:40.236 INFO   o.s.b.t.c.SpringBootTestContextBootstrapper - Loaded default TestExecutionListener class names from location [META-INF/spring.factories]: [org.springframework.boot.test.mock.mockito.MockitoTestExecutionListener, org.springframework.boot.test.mock.mockito.ResetMocksTestExecutionListener, org.springframework.boot.test.autoconfigure.restdocs.RestDocsTestExecutionListener, org.springframework.boot.test.autoconfigure.web.client.MockRestServiceServerResetTestExecutionListener, org.springframework.boot.test.autoconfigure.web.servlet.MockMvcPrintOnlyOnFailureTestExecutionListener, org.springframework.boot.test.autoconfigure.web.servlet.WebDriverTestExecutionListener, org.springframework.test.context.web.ServletTestExecutionListener, org.springframework.test.context.support.DirtiesContextBeforeModesTestExecutionListener, org.springframework.test.context.support.DependencyInjectionTestExecutionListener, org.springframework.test.context.support.DirtiesContextTestExecutionListener, org.springframework.test.context.transaction.TransactionalTestExecutionListener, org.springframework.test.context.jdbc.SqlScriptsTestExecutionListener] 
2020-06-03 15:10:40.254 INFO   o.s.b.t.c.SpringBootTestContextBootstrapper - Using TestExecutionListeners: [org.springframework.test.context.web.ServletTestExecutionListener@5b068087, org.springframework.test.context.support.DirtiesContextBeforeModesTestExecutionListener@6f152006, org.springframework.boot.test.mock.mockito.MockitoTestExecutionListener@3a393455, org.springframework.boot.test.autoconfigure.SpringBootDependencyInjectionTestExecutionListener@13518f37, org.springframework.test.context.support.DirtiesContextTestExecutionListener@7cbc3762, org.springframework.boot.test.mock.mockito.ResetMocksTestExecutionListener@3a6f2de3, org.springframework.boot.test.autoconfigure.restdocs.RestDocsTestExecutionListener@49872d67, org.springframework.boot.test.autoconfigure.web.client.MockRestServiceServerResetTestExecutionListener@56303b57, org.springframework.boot.test.autoconfigure.web.servlet.MockMvcPrintOnlyOnFailureTestExecutionListener@4b2a01d4, org.springframework.boot.test.autoconfigure.web.servlet.WebDriverTestExecutionListener@8692d67] 
2020-06-03 15:10:40.612 INFO   c.g.expense.ExpenseApplicationTests - Starting ExpenseApplicationTests on XTZ-01905221424 with PID 15076 (started by Administrator in E:\expense) 
2020-06-03 15:10:40.613 INFO   c.g.expense.ExpenseApplicationTests - No active profile set, falling back to default profiles: default 
2020-06-03 15:10:42.176 INFO   o.s.s.c.ThreadPoolTaskExecutor - Initializing ExecutorService 'applicationTaskExecutor' 
2020-06-03 15:10:42.536 INFO   o.s.b.a.w.s.WelcomePageHandlerMapping - Adding welcome page template: index 
2020-06-03 15:10:42.716 INFO   c.g.expense.ExpenseApplicationTests - Started ExpenseApplicationTests in 2.403 seconds (JVM running for 5.344) 
2020-06-03 15:16:18.252 INFO   c.g.expense.ExpenseApplicationTests - 29.txt 
2020-06-03 15:16:18.253 INFO   c.g.expense.ExpenseApplicationTests - 30.txt 
2020-06-03 15:16:18.253 INFO   c.g.expense.ExpenseApplicationTests - 03.txt 
2020-06-03 15:16:18.261 INFO   o.s.s.c.ThreadPoolTaskExecutor - Shutting down ExecutorService 'applicationTaskExecutor' 
2020-06-03 15:19:40.511 INFO   o.s.b.t.c.SpringBootTestContextBootstrapper - Neither @ContextConfiguration nor @ContextHierarchy found for test class [com.gusangyuan.expense.ExpenseApplicationTests], using SpringBootContextLoader 
2020-06-03 15:19:40.516 INFO   o.s.t.c.s.AbstractContextLoader - Could not detect default resource locations for test class [com.gusangyuan.expense.ExpenseApplicationTests]: no resource found for suffixes {-context.xml, Context.groovy}. 
2020-06-03 15:19:40.517 INFO   o.s.t.c.s.AnnotationConfigContextLoaderUtils - Could not detect default configuration classes for test class [com.gusangyuan.expense.ExpenseApplicationTests]: ExpenseApplicationTests does not declare any static, non-private, non-final, nested classes annotated with @Configuration. 
2020-06-03 15:19:40.621 INFO   o.s.b.t.c.SpringBootTestContextBootstrapper - Found @SpringBootConfiguration com.gusangyuan.expense.ExpenseApplication for test class com.gusangyuan.expense.ExpenseApplicationTests 
2020-06-03 15:19:40.710 INFO   o.s.b.t.c.SpringBootTestContextBootstrapper - Loaded default TestExecutionListener class names from location [META-INF/spring.factories]: [org.springframework.boot.test.mock.mockito.MockitoTestExecutionListener, org.springframework.boot.test.mock.mockito.ResetMocksTestExecutionListener, org.springframework.boot.test.autoconfigure.restdocs.RestDocsTestExecutionListener, org.springframework.boot.test.autoconfigure.web.client.MockRestServiceServerResetTestExecutionListener, org.springframework.boot.test.autoconfigure.web.servlet.MockMvcPrintOnlyOnFailureTestExecutionListener, org.springframework.boot.test.autoconfigure.web.servlet.WebDriverTestExecutionListener, org.springframework.test.context.web.ServletTestExecutionListener, org.springframework.test.context.support.DirtiesContextBeforeModesTestExecutionListener, org.springframework.test.context.support.DependencyInjectionTestExecutionListener, org.springframework.test.context.support.DirtiesContextTestExecutionListener, org.springframework.test.context.transaction.TransactionalTestExecutionListener, org.springframework.test.context.jdbc.SqlScriptsTestExecutionListener] 
2020-06-03 15:19:40.723 INFO   o.s.b.t.c.SpringBootTestContextBootstrapper - Using TestExecutionListeners: [org.springframework.test.context.web.ServletTestExecutionListener@13b6aecc, org.springframework.test.context.support.DirtiesContextBeforeModesTestExecutionListener@158a8276, org.springframework.boot.test.mock.mockito.MockitoTestExecutionListener@3c3d9b6b, org.springframework.boot.test.autoconfigure.SpringBootDependencyInjectionTestExecutionListener@79d8407f, org.springframework.test.context.support.DirtiesContextTestExecutionListener@5fbe4146, org.springframework.boot.test.mock.mockito.ResetMocksTestExecutionListener@1e66f1f5, org.springframework.boot.test.autoconfigure.restdocs.RestDocsTestExecutionListener@4e50c791, org.springframework.boot.test.autoconfigure.web.client.MockRestServiceServerResetTestExecutionListener@7530ad9c, org.springframework.boot.test.autoconfigure.web.servlet.MockMvcPrintOnlyOnFailureTestExecutionListener@58a9760d, org.springframework.boot.test.autoconfigure.web.servlet.WebDriverTestExecutionListener@71e9ddb4] 
2020-06-03 15:19:40.991 INFO   c.g.expense.ExpenseApplicationTests - Starting ExpenseApplicationTests on XTZ-01905221424 with PID 11112 (started by Administrator in E:\expense) 
2020-06-03 15:19:40.992 INFO   c.g.expense.ExpenseApplicationTests - No active profile set, falling back to default profiles: default 
2020-06-03 15:19:42.164 INFO   o.s.s.c.ThreadPoolTaskExecutor - Initializing ExecutorService 'applicationTaskExecutor' 
2020-06-03 15:19:42.369 INFO   o.s.b.a.w.s.WelcomePageHandlerMapping - Adding welcome page template: index 
2020-06-03 15:19:42.498 INFO   c.g.expense.ExpenseApplicationTests - Started ExpenseApplicationTests in 1.727 seconds (JVM running for 2.56) 
2020-06-03 15:19:42.728 INFO   c.g.expense.ExpenseApplicationTests - E:\expense\files\2020\05 
2020-06-03 15:19:42.729 INFO   c.g.expense.ExpenseApplicationTests - E:\expense\files\2020\05\29.txt 
2020-06-03 15:19:42.729 INFO   c.g.expense.ExpenseApplicationTests - E:\expense\files\2020\05\30.txt 
2020-06-03 15:19:42.729 INFO   c.g.expense.ExpenseApplicationTests - E:\expense\files\2020\06 
2020-06-03 15:19:42.729 INFO   c.g.expense.ExpenseApplicationTests - E:\expense\files\2020\06\03.txt 
2020-06-03 15:19:42.734 INFO   o.s.s.c.ThreadPoolTaskExecutor - Shutting down ExecutorService 'applicationTaskExecutor' 
